{"C:\\adbrain-legal\\extension\\src\\popup\\direct-validation-core.js": {"path":"C:\\adbrain-legal\\extension\\src\\popup\\direct-validation-core.js","statementMap":{"0":{"start":{"line":7,"column":0},"end":{"line":111,"column":5}},"1":{"start":{"line":12,"column":8},"end":{"line":12,"column":61}},"2":{"start":{"line":15,"column":25},"end":{"line":15,"column":67}},"3":{"start":{"line":17,"column":8},"end":{"line":20,"column":9}},"4":{"start":{"line":18,"column":12},"end":{"line":18,"column":65}},"5":{"start":{"line":19,"column":12},"end":{"line":19,"column":19}},"6":{"start":{"line":22,"column":8},"end":{"line":22,"column":83}},"7":{"start":{"line":25,"column":8},"end":{"line":25,"column":73}},"8":{"start":{"line":28,"column":8},"end":{"line":39,"column":17}},"9":{"start":{"line":30,"column":38},"end":{"line":30,"column":92}},"10":{"start":{"line":33,"column":12},"end":{"line":33,"column":57}},"11":{"start":{"line":36,"column":12},"end":{"line":36,"column":82}},"12":{"start":{"line":38,"column":12},"end":{"line":38,"column":56}},"13":{"start":{"line":46,"column":8},"end":{"line":46,"column":85}},"14":{"start":{"line":49,"column":8},"end":{"line":58,"column":11}},"15":{"start":{"line":50,"column":35},"end":{"line":50,"column":73}},"16":{"start":{"line":52,"column":12},"end":{"line":57,"column":13}},"17":{"start":{"line":53,"column":16},"end":{"line":53,"column":90}},"18":{"start":{"line":54,"column":16},"end":{"line":54,"column":81}},"19":{"start":{"line":56,"column":16},"end":{"line":56,"column":73}},"20":{"start":{"line":65,"column":8},"end":{"line":65,"column":75}},"21":{"start":{"line":68,"column":8},"end":{"line":71,"column":9}},"22":{"start":{"line":69,"column":12},"end":{"line":69,"column":76}},"23":{"start":{"line":70,"column":12},"end":{"line":70,"column":19}},"24":{"start":{"line":73,"column":8},"end":{"line":76,"column":9}},"25":{"start":{"line":74,"column":12},"end":{"line":74,"column":74}},"26":{"start":{"line":75,"column":12},"end":{"line":75,"column":19}},"27":{"start":{"line":78,"column":8},"end":{"line":81,"column":9}},"28":{"start":{"line":79,"column":12},"end":{"line":79,"column":79}},"29":{"start":{"line":80,"column":12},"end":{"line":80,"column":19}},"30":{"start":{"line":83,"column":8},"end":{"line":86,"column":9}},"31":{"start":{"line":84,"column":12},"end":{"line":84,"column":76}},"32":{"start":{"line":85,"column":12},"end":{"line":85,"column":19}},"33":{"start":{"line":88,"column":8},"end":{"line":91,"column":9}},"34":{"start":{"line":89,"column":12},"end":{"line":89,"column":79}},"35":{"start":{"line":90,"column":12},"end":{"line":90,"column":19}},"36":{"start":{"line":94,"column":8},"end":{"line":94,"column":35}},"37":{"start":{"line":96,"column":8},"end":{"line":96,"column":74}},"38":{"start":{"line":100,"column":4},"end":{"line":103,"column":6}},"39":{"start":{"line":106,"column":4},"end":{"line":108,"column":7}},"40":{"start":{"line":107,"column":8},"end":{"line":107,"column":49}},"41":{"start":{"line":110,"column":4},"end":{"line":110,"column":47}}},"fnMap":{"0":{"name":"(anonymous_0)","decl":{"start":{"line":7,"column":1},"end":{"line":7,"column":2}},"loc":{"start":{"line":7,"column":12},"end":{"line":111,"column":1}},"line":7},"1":{"name":"handleDirectValidation","decl":{"start":{"line":11,"column":13},"end":{"line":11,"column":35}},"loc":{"start":{"line":11,"column":38},"end":{"line":40,"column":5}},"line":11},"2":{"name":"(anonymous_2)","decl":{"start":{"line":28,"column":19},"end":{"line":28,"column":20}},"loc":{"start":{"line":28,"column":25},"end":{"line":39,"column":9}},"line":28},"3":{"name":"initializeEventListeners","decl":{"start":{"line":45,"column":13},"end":{"line":45,"column":37}},"loc":{"start":{"line":45,"column":40},"end":{"line":59,"column":5}},"line":45},"4":{"name":"(anonymous_4)","decl":{"start":{"line":49,"column":54},"end":{"line":49,"column":55}},"loc":{"start":{"line":49,"column":65},"end":{"line":58,"column":9}},"line":49},"5":{"name":"initialize","decl":{"start":{"line":64,"column":13},"end":{"line":64,"column":23}},"loc":{"start":{"line":64,"column":26},"end":{"line":97,"column":5}},"line":64},"6":{"name":"(anonymous_6)","decl":{"start":{"line":106,"column":50},"end":{"line":106,"column":51}},"loc":{"start":{"line":106,"column":61},"end":{"line":108,"column":5}},"line":106}},"branchMap":{"0":{"loc":{"start":{"line":17,"column":8},"end":{"line":20,"column":9}},"type":"if","locations":[{"start":{"line":17,"column":8},"end":{"line":20,"column":9}},{"start":{},"end":{}}],"line":17},"1":{"loc":{"start":{"line":17,"column":12},"end":{"line":17,"column":41}},"type":"binary-expr","locations":[{"start":{"line":17,"column":12},"end":{"line":17,"column":21}},{"start":{"line":17,"column":25},"end":{"line":17,"column":41}}],"line":17},"2":{"loc":{"start":{"line":52,"column":12},"end":{"line":57,"column":13}},"type":"if","locations":[{"start":{"line":52,"column":12},"end":{"line":57,"column":13}},{"start":{"line":55,"column":19},"end":{"line":57,"column":13}}],"line":52},"3":{"loc":{"start":{"line":68,"column":8},"end":{"line":71,"column":9}},"type":"if","locations":[{"start":{"line":68,"column":8},"end":{"line":71,"column":9}},{"start":{},"end":{}}],"line":68},"4":{"loc":{"start":{"line":73,"column":8},"end":{"line":76,"column":9}},"type":"if","locations":[{"start":{"line":73,"column":8},"end":{"line":76,"column":9}},{"start":{},"end":{}}],"line":73},"5":{"loc":{"start":{"line":78,"column":8},"end":{"line":81,"column":9}},"type":"if","locations":[{"start":{"line":78,"column":8},"end":{"line":81,"column":9}},{"start":{},"end":{}}],"line":78},"6":{"loc":{"start":{"line":83,"column":8},"end":{"line":86,"column":9}},"type":"if","locations":[{"start":{"line":83,"column":8},"end":{"line":86,"column":9}},{"start":{},"end":{}}],"line":83},"7":{"loc":{"start":{"line":88,"column":8},"end":{"line":91,"column":9}},"type":"if","locations":[{"start":{"line":88,"column":8},"end":{"line":91,"column":9}},{"start":{},"end":{}}],"line":88}},"s":{"0":0,"1":0,"2":0,"3":0,"4":0,"5":0,"6":0,"7":0,"8":0,"9":0,"10":0,"11":0,"12":0,"13":0,"14":0,"15":0,"16":0,"17":0,"18":0,"19":0,"20":0,"21":0,"22":0,"23":0,"24":0,"25":0,"26":0,"27":0,"28":0,"29":0,"30":0,"31":0,"32":0,"33":0,"34":0,"35":0,"36":0,"37":0,"38":0,"39":0,"40":0,"41":0},"f":{"0":0,"1":0,"2":0,"3":0,"4":0,"5":0,"6":0},"b":{"0":[0,0],"1":[0,0],"2":[0,0],"3":[0,0],"4":[0,0],"5":[0,0],"6":[0,0],"7":[0,0]}}
,"C:\\adbrain-legal\\extension\\src\\popup\\direct-validation-data.js": {"path":"C:\\adbrain-legal\\extension\\src\\popup\\direct-validation-data.js","statementMap":{"0":{"start":{"line":8,"column":0},"end":{"line":129,"column":5}},"1":{"start":{"line":14,"column":22},"end":{"line":14,"column":69}},"2":{"start":{"line":15,"column":8},"end":{"line":18,"column":9}},"3":{"start":{"line":16,"column":12},"end":{"line":16,"column":62}},"4":{"start":{"line":17,"column":12},"end":{"line":17,"column":22}},"5":{"start":{"line":20,"column":24},"end":{"line":20,"column":26}},"6":{"start":{"line":21,"column":28},"end":{"line":21,"column":62}},"7":{"start":{"line":22,"column":8},"end":{"line":22,"column":75}},"8":{"start":{"line":22,"column":36},"end":{"line":22,"column":73}},"9":{"start":{"line":24,"column":21},"end":{"line":24,"column":23}},"10":{"start":{"line":25,"column":28},"end":{"line":25,"column":62}},"11":{"start":{"line":27,"column":8},"end":{"line":41,"column":11}},"12":{"start":{"line":28,"column":28},"end":{"line":28,"column":30}},"13":{"start":{"line":29,"column":26},"end":{"line":29,"column":52}},"14":{"start":{"line":31,"column":12},"end":{"line":35,"column":15}},"15":{"start":{"line":32,"column":16},"end":{"line":34,"column":17}},"16":{"start":{"line":33,"column":20},"end":{"line":33,"column":70}},"17":{"start":{"line":38,"column":12},"end":{"line":38,"column":44}},"18":{"start":{"line":40,"column":12},"end":{"line":40,"column":31}},"19":{"start":{"line":43,"column":8},"end":{"line":43,"column":20}},"20":{"start":{"line":52,"column":23},"end":{"line":52,"column":25}},"21":{"start":{"line":53,"column":28},"end":{"line":53,"column":29}},"22":{"start":{"line":55,"column":8},"end":{"line":110,"column":11}},"23":{"start":{"line":56,"column":29},"end":{"line":56,"column":38}},"24":{"start":{"line":57,"column":31},"end":{"line":57,"column":36}},"25":{"start":{"line":60,"column":12},"end":{"line":69,"column":13}},"26":{"start":{"line":61,"column":16},"end":{"line":67,"column":19}},"27":{"start":{"line":68,"column":16},"end":{"line":68,"column":36}},"28":{"start":{"line":72,"column":12},"end":{"line":81,"column":13}},"29":{"start":{"line":73,"column":16},"end":{"line":79,"column":19}},"30":{"start":{"line":80,"column":16},"end":{"line":80,"column":36}},"31":{"start":{"line":84,"column":12},"end":{"line":93,"column":13}},"32":{"start":{"line":85,"column":16},"end":{"line":91,"column":19}},"33":{"start":{"line":92,"column":16},"end":{"line":92,"column":36}},"34":{"start":{"line":96,"column":12},"end":{"line":105,"column":13}},"35":{"start":{"line":97,"column":16},"end":{"line":103,"column":19}},"36":{"start":{"line":104,"column":16},"end":{"line":104,"column":36}},"37":{"start":{"line":107,"column":12},"end":{"line":109,"column":13}},"38":{"start":{"line":108,"column":16},"end":{"line":108,"column":32}},"39":{"start":{"line":112,"column":8},"end":{"line":119,"column":10}},"40":{"start":{"line":123,"column":4},"end":{"line":126,"column":6}},"41":{"start":{"line":128,"column":4},"end":{"line":128,"column":52}}},"fnMap":{"0":{"name":"(anonymous_0)","decl":{"start":{"line":8,"column":1},"end":{"line":8,"column":2}},"loc":{"start":{"line":8,"column":12},"end":{"line":129,"column":1}},"line":8},"1":{"name":"getTableData","decl":{"start":{"line":13,"column":13},"end":{"line":13,"column":25}},"loc":{"start":{"line":13,"column":28},"end":{"line":44,"column":5}},"line":13},"2":{"name":"(anonymous_2)","decl":{"start":{"line":22,"column":28},"end":{"line":22,"column":29}},"loc":{"start":{"line":22,"column":36},"end":{"line":22,"column":73}},"line":22},"3":{"name":"(anonymous_3)","decl":{"start":{"line":27,"column":28},"end":{"line":27,"column":29}},"loc":{"start":{"line":27,"column":47},"end":{"line":41,"column":9}},"line":27},"4":{"name":"(anonymous_4)","decl":{"start":{"line":31,"column":28},"end":{"line":31,"column":29}},"loc":{"start":{"line":31,"column":47},"end":{"line":35,"column":13}},"line":31},"5":{"name":"validateFeedData","decl":{"start":{"line":51,"column":13},"end":{"line":51,"column":29}},"loc":{"start":{"line":51,"column":40},"end":{"line":120,"column":5}},"line":51},"6":{"name":"(anonymous_6)","decl":{"start":{"line":55,"column":25},"end":{"line":55,"column":26}},"loc":{"start":{"line":55,"column":42},"end":{"line":110,"column":9}},"line":55}},"branchMap":{"0":{"loc":{"start":{"line":15,"column":8},"end":{"line":18,"column":9}},"type":"if","locations":[{"start":{"line":15,"column":8},"end":{"line":18,"column":9}},{"start":{},"end":{}}],"line":15},"1":{"loc":{"start":{"line":32,"column":16},"end":{"line":34,"column":17}},"type":"if","locations":[{"start":{"line":32,"column":16},"end":{"line":34,"column":17}},{"start":{},"end":{}}],"line":32},"2":{"loc":{"start":{"line":60,"column":12},"end":{"line":69,"column":13}},"type":"if","locations":[{"start":{"line":60,"column":12},"end":{"line":69,"column":13}},{"start":{},"end":{}}],"line":60},"3":{"loc":{"start":{"line":60,"column":16},"end":{"line":60,"column":52}},"type":"binary-expr","locations":[{"start":{"line":60,"column":16},"end":{"line":60,"column":26}},{"start":{"line":60,"column":30},"end":{"line":60,"column":52}}],"line":60},"4":{"loc":{"start":{"line":66,"column":29},"end":{"line":66,"column":57}},"type":"binary-expr","locations":[{"start":{"line":66,"column":29},"end":{"line":66,"column":36}},{"start":{"line":66,"column":40},"end":{"line":66,"column":57}}],"line":66},"5":{"loc":{"start":{"line":72,"column":12},"end":{"line":81,"column":13}},"type":"if","locations":[{"start":{"line":72,"column":12},"end":{"line":81,"column":13}},{"start":{},"end":{}}],"line":72},"6":{"loc":{"start":{"line":72,"column":16},"end":{"line":72,"column":64}},"type":"binary-expr","locations":[{"start":{"line":72,"column":16},"end":{"line":72,"column":32}},{"start":{"line":72,"column":36},"end":{"line":72,"column":64}}],"line":72},"7":{"loc":{"start":{"line":78,"column":29},"end":{"line":78,"column":57}},"type":"binary-expr","locations":[{"start":{"line":78,"column":29},"end":{"line":78,"column":36}},{"start":{"line":78,"column":40},"end":{"line":78,"column":57}}],"line":78},"8":{"loc":{"start":{"line":84,"column":12},"end":{"line":93,"column":13}},"type":"if","locations":[{"start":{"line":84,"column":12},"end":{"line":93,"column":13}},{"start":{},"end":{}}],"line":84},"9":{"loc":{"start":{"line":84,"column":16},"end":{"line":84,"column":65}},"type":"binary-expr","locations":[{"start":{"line":84,"column":16},"end":{"line":84,"column":32}},{"start":{"line":84,"column":36},"end":{"line":84,"column":65}}],"line":84},"10":{"loc":{"start":{"line":90,"column":29},"end":{"line":90,"column":57}},"type":"binary-expr","locations":[{"start":{"line":90,"column":29},"end":{"line":90,"column":36}},{"start":{"line":90,"column":40},"end":{"line":90,"column":57}}],"line":90},"11":{"loc":{"start":{"line":96,"column":12},"end":{"line":105,"column":13}},"type":"if","locations":[{"start":{"line":96,"column":12},"end":{"line":105,"column":13}},{"start":{},"end":{}}],"line":96},"12":{"loc":{"start":{"line":96,"column":16},"end":{"line":96,"column":53}},"type":"binary-expr","locations":[{"start":{"line":96,"column":16},"end":{"line":96,"column":26}},{"start":{"line":96,"column":30},"end":{"line":96,"column":53}}],"line":96},"13":{"loc":{"start":{"line":102,"column":29},"end":{"line":102,"column":57}},"type":"binary-expr","locations":[{"start":{"line":102,"column":29},"end":{"line":102,"column":36}},{"start":{"line":102,"column":40},"end":{"line":102,"column":57}}],"line":102},"14":{"loc":{"start":{"line":107,"column":12},"end":{"line":109,"column":13}},"type":"if","locations":[{"start":{"line":107,"column":12},"end":{"line":109,"column":13}},{"start":{},"end":{}}],"line":107}},"s":{"0":0,"1":0,"2":0,"3":0,"4":0,"5":0,"6":0,"7":0,"8":0,"9":0,"10":0,"11":0,"12":0,"13":0,"14":0,"15":0,"16":0,"17":0,"18":0,"19":0,"20":0,"21":0,"22":0,"23":0,"24":0,"25":0,"26":0,"27":0,"28":0,"29":0,"30":0,"31":0,"32":0,"33":0,"34":0,"35":0,"36":0,"37":0,"38":0,"39":0,"40":0,"41":0},"f":{"0":0,"1":0,"2":0,"3":0,"4":0,"5":0,"6":0},"b":{"0":[0,0],"1":[0,0],"2":[0,0],"3":[0,0],"4":[0,0],"5":[0,0],"6":[0,0],"7":[0,0],"8":[0,0],"9":[0,0],"10":[0,0],"11":[0,0],"12":[0,0],"13":[0,0],"14":[0,0]}}
,"C:\\adbrain-legal\\extension\\src\\popup\\direct-validation-history.js": {"path":"C:\\adbrain-legal\\extension\\src\\popup\\direct-validation-history.js","statementMap":{"0":{"start":{"line":9,"column":0},"end":{"line":220,"column":5}},"1":{"start":{"line":15,"column":8},"end":{"line":15,"column":83}},"2":{"start":{"line":17,"column":8},"end":{"line":20,"column":9}},"3":{"start":{"line":18,"column":12},"end":{"line":18,"column":65}},"4":{"start":{"line":19,"column":12},"end":{"line":19,"column":19}},"5":{"start":{"line":23,"column":33},"end":{"line":23,"column":76}},"6":{"start":{"line":24,"column":8},"end":{"line":24,"column":88}},"7":{"start":{"line":26,"column":8},"end":{"line":29,"column":9}},"8":{"start":{"line":27,"column":12},"end":{"line":27,"column":67}},"9":{"start":{"line":28,"column":12},"end":{"line":28,"column":19}},"10":{"start":{"line":32,"column":31},"end":{"line":32,"column":80}},"11":{"start":{"line":33,"column":8},"end":{"line":36,"column":9}},"12":{"start":{"line":34,"column":12},"end":{"line":34,"column":61}},"13":{"start":{"line":35,"column":12},"end":{"line":35,"column":44}},"14":{"start":{"line":39,"column":20},"end":{"line":39,"column":45}},"15":{"start":{"line":42,"column":8},"end":{"line":42,"column":60}},"16":{"start":{"line":43,"column":8},"end":{"line":43,"column":72}},"17":{"start":{"line":46,"column":8},"end":{"line":46,"column":45}},"18":{"start":{"line":55,"column":8},"end":{"line":55,"column":66}},"19":{"start":{"line":57,"column":8},"end":{"line":60,"column":9}},"20":{"start":{"line":58,"column":12},"end":{"line":58,"column":65}},"21":{"start":{"line":59,"column":12},"end":{"line":59,"column":19}},"22":{"start":{"line":63,"column":8},"end":{"line":69,"column":9}},"23":{"start":{"line":64,"column":12},"end":{"line":64,"column":65}},"24":{"start":{"line":65,"column":12},"end":{"line":68,"column":13}},"25":{"start":{"line":66,"column":16},"end":{"line":66,"column":107}},"26":{"start":{"line":67,"column":16},"end":{"line":67,"column":23}},"27":{"start":{"line":72,"column":22},"end":{"line":72,"column":53}},"28":{"start":{"line":73,"column":8},"end":{"line":73,"column":45}},"29":{"start":{"line":76,"column":22},"end":{"line":76,"column":53}},"30":{"start":{"line":77,"column":8},"end":{"line":85,"column":10}},"31":{"start":{"line":86,"column":8},"end":{"line":86,"column":33}},"32":{"start":{"line":89,"column":22},"end":{"line":89,"column":53}},"33":{"start":{"line":90,"column":8},"end":{"line":90,"column":38}},"34":{"start":{"line":91,"column":8},"end":{"line":91,"column":33}},"35":{"start":{"line":94,"column":8},"end":{"line":94,"column":37}},"36":{"start":{"line":96,"column":8},"end":{"line":96,"column":65}},"37":{"start":{"line":99,"column":8},"end":{"line":99,"column":41}},"38":{"start":{"line":108,"column":8},"end":{"line":108,"column":92}},"39":{"start":{"line":110,"column":8},"end":{"line":113,"column":9}},"40":{"start":{"line":111,"column":12},"end":{"line":111,"column":67}},"41":{"start":{"line":112,"column":12},"end":{"line":112,"column":19}},"42":{"start":{"line":115,"column":8},"end":{"line":118,"column":9}},"43":{"start":{"line":116,"column":12},"end":{"line":116,"column":65}},"44":{"start":{"line":117,"column":12},"end":{"line":117,"column":19}},"45":{"start":{"line":121,"column":31},"end":{"line":121,"column":80}},"46":{"start":{"line":122,"column":8},"end":{"line":125,"column":9}},"47":{"start":{"line":123,"column":12},"end":{"line":123,"column":61}},"48":{"start":{"line":124,"column":12},"end":{"line":124,"column":44}},"49":{"start":{"line":128,"column":20},"end":{"line":128,"column":45}},"50":{"start":{"line":131,"column":8},"end":{"line":131,"column":60}},"51":{"start":{"line":132,"column":8},"end":{"line":132,"column":72}},"52":{"start":{"line":135,"column":8},"end":{"line":135,"column":45}},"53":{"start":{"line":144,"column":8},"end":{"line":144,"column":75}},"54":{"start":{"line":146,"column":8},"end":{"line":149,"column":9}},"55":{"start":{"line":147,"column":12},"end":{"line":147,"column":65}},"56":{"start":{"line":148,"column":12},"end":{"line":148,"column":24}},"57":{"start":{"line":152,"column":20},"end":{"line":152,"column":48}},"58":{"start":{"line":155,"column":26},"end":{"line":155,"column":43}},"59":{"start":{"line":156,"column":30},"end":{"line":156,"column":60}},"60":{"start":{"line":157,"column":30},"end":{"line":157,"column":60}},"61":{"start":{"line":160,"column":8},"end":{"line":172,"column":10}},"62":{"start":{"line":166,"column":46},"end":{"line":166,"column":64}},"63":{"start":{"line":167,"column":45},"end":{"line":167,"column":65}},"64":{"start":{"line":174,"column":8},"end":{"line":174,"column":19}},"65":{"start":{"line":183,"column":8},"end":{"line":183,"column":63}},"66":{"start":{"line":185,"column":8},"end":{"line":188,"column":9}},"67":{"start":{"line":186,"column":12},"end":{"line":186,"column":63}},"68":{"start":{"line":187,"column":12},"end":{"line":187,"column":19}},"69":{"start":{"line":190,"column":8},"end":{"line":193,"column":9}},"70":{"start":{"line":191,"column":12},"end":{"line":191,"column":65}},"71":{"start":{"line":192,"column":12},"end":{"line":192,"column":19}},"72":{"start":{"line":196,"column":31},"end":{"line":196,"column":76}},"73":{"start":{"line":197,"column":8},"end":{"line":207,"column":9}},"74":{"start":{"line":198,"column":12},"end":{"line":198,"column":80}},"75":{"start":{"line":199,"column":12},"end":{"line":204,"column":15}},"76":{"start":{"line":200,"column":16},"end":{"line":200,"column":68}},"77":{"start":{"line":201,"column":16},"end":{"line":203,"column":17}},"78":{"start":{"line":202,"column":20},"end":{"line":202,"column":85}},"79":{"start":{"line":206,"column":12},"end":{"line":206,"column":68}},"80":{"start":{"line":211,"column":4},"end":{"line":217,"column":6}},"81":{"start":{"line":219,"column":4},"end":{"line":219,"column":55}}},"fnMap":{"0":{"name":"(anonymous_0)","decl":{"start":{"line":9,"column":1},"end":{"line":9,"column":2}},"loc":{"start":{"line":9,"column":12},"end":{"line":220,"column":1}},"line":9},"1":{"name":"updateValidationHistory","decl":{"start":{"line":14,"column":13},"end":{"line":14,"column":36}},"loc":{"start":{"line":14,"column":46},"end":{"line":47,"column":5}},"line":14},"2":{"name":"createValidationHistoryTable","decl":{"start":{"line":54,"column":13},"end":{"line":54,"column":41}},"loc":{"start":{"line":54,"column":62},"end":{"line":100,"column":5}},"line":54},"3":{"name":"updateValidationHistoryWithElement","decl":{"start":{"line":107,"column":13},"end":{"line":107,"column":47}},"loc":{"start":{"line":107,"column":75},"end":{"line":136,"column":5}},"line":107},"4":{"name":"createHistoryRow","decl":{"start":{"line":143,"column":13},"end":{"line":143,"column":29}},"loc":{"start":{"line":143,"column":39},"end":{"line":175,"column":5}},"line":143},"5":{"name":"(anonymous_5)","decl":{"start":{"line":166,"column":41},"end":{"line":166,"column":42}},"loc":{"start":{"line":166,"column":46},"end":{"line":166,"column":64}},"line":166},"6":{"name":"(anonymous_6)","decl":{"start":{"line":167,"column":40},"end":{"line":167,"column":41}},"loc":{"start":{"line":167,"column":45},"end":{"line":167,"column":65}},"line":167},"7":{"name":"setupViewDetailsButton","decl":{"start":{"line":182,"column":13},"end":{"line":182,"column":35}},"loc":{"start":{"line":182,"column":57},"end":{"line":208,"column":5}},"line":182},"8":{"name":"(anonymous_8)","decl":{"start":{"line":199,"column":53},"end":{"line":199,"column":54}},"loc":{"start":{"line":199,"column":59},"end":{"line":204,"column":13}},"line":199}},"branchMap":{"0":{"loc":{"start":{"line":17,"column":8},"end":{"line":20,"column":9}},"type":"if","locations":[{"start":{"line":17,"column":8},"end":{"line":20,"column":9}},{"start":{},"end":{}}],"line":17},"1":{"loc":{"start":{"line":26,"column":8},"end":{"line":29,"column":9}},"type":"if","locations":[{"start":{"line":26,"column":8},"end":{"line":29,"column":9}},{"start":{},"end":{}}],"line":26},"2":{"loc":{"start":{"line":33,"column":8},"end":{"line":36,"column":9}},"type":"if","locations":[{"start":{"line":33,"column":8},"end":{"line":36,"column":9}},{"start":{},"end":{}}],"line":33},"3":{"loc":{"start":{"line":57,"column":8},"end":{"line":60,"column":9}},"type":"if","locations":[{"start":{"line":57,"column":8},"end":{"line":60,"column":9}},{"start":{},"end":{}}],"line":57},"4":{"loc":{"start":{"line":63,"column":8},"end":{"line":69,"column":9}},"type":"if","locations":[{"start":{"line":63,"column":8},"end":{"line":69,"column":9}},{"start":{},"end":{}}],"line":63},"5":{"loc":{"start":{"line":65,"column":12},"end":{"line":68,"column":13}},"type":"if","locations":[{"start":{"line":65,"column":12},"end":{"line":68,"column":13}},{"start":{},"end":{}}],"line":65},"6":{"loc":{"start":{"line":110,"column":8},"end":{"line":113,"column":9}},"type":"if","locations":[{"start":{"line":110,"column":8},"end":{"line":113,"column":9}},{"start":{},"end":{}}],"line":110},"7":{"loc":{"start":{"line":115,"column":8},"end":{"line":118,"column":9}},"type":"if","locations":[{"start":{"line":115,"column":8},"end":{"line":118,"column":9}},{"start":{},"end":{}}],"line":115},"8":{"loc":{"start":{"line":122,"column":8},"end":{"line":125,"column":9}},"type":"if","locations":[{"start":{"line":122,"column":8},"end":{"line":125,"column":9}},{"start":{},"end":{}}],"line":122},"9":{"loc":{"start":{"line":146,"column":8},"end":{"line":149,"column":9}},"type":"if","locations":[{"start":{"line":146,"column":8},"end":{"line":149,"column":9}},{"start":{},"end":{}}],"line":146},"10":{"loc":{"start":{"line":163,"column":38},"end":{"line":163,"column":71}},"type":"cond-expr","locations":[{"start":{"line":163,"column":56},"end":{"line":163,"column":63}},{"start":{"line":163,"column":66},"end":{"line":163,"column":71}}],"line":163},"11":{"loc":{"start":{"line":163,"column":77},"end":{"line":163,"column":119}},"type":"cond-expr","locations":[{"start":{"line":163,"column":95},"end":{"line":163,"column":102}},{"start":{"line":163,"column":105},"end":{"line":163,"column":119}}],"line":163},"12":{"loc":{"start":{"line":165,"column":38},"end":{"line":165,"column":81}},"type":"cond-expr","locations":[{"start":{"line":165,"column":66},"end":{"line":165,"column":71}},{"start":{"line":165,"column":74},"end":{"line":165,"column":81}}],"line":165},"13":{"loc":{"start":{"line":185,"column":8},"end":{"line":188,"column":9}},"type":"if","locations":[{"start":{"line":185,"column":8},"end":{"line":188,"column":9}},{"start":{},"end":{}}],"line":185},"14":{"loc":{"start":{"line":190,"column":8},"end":{"line":193,"column":9}},"type":"if","locations":[{"start":{"line":190,"column":8},"end":{"line":193,"column":9}},{"start":{},"end":{}}],"line":190},"15":{"loc":{"start":{"line":197,"column":8},"end":{"line":207,"column":9}},"type":"if","locations":[{"start":{"line":197,"column":8},"end":{"line":207,"column":9}},{"start":{"line":205,"column":15},"end":{"line":207,"column":9}}],"line":197},"16":{"loc":{"start":{"line":201,"column":16},"end":{"line":203,"column":17}},"type":"if","locations":[{"start":{"line":201,"column":16},"end":{"line":203,"column":17}},{"start":{},"end":{}}],"line":201}},"s":{"0":0,"1":0,"2":0,"3":0,"4":0,"5":0,"6":0,"7":0,"8":0,"9":0,"10":0,"11":0,"12":0,"13":0,"14":0,"15":0,"16":0,"17":0,"18":0,"19":0,"20":0,"21":0,"22":0,"23":0,"24":0,"25":0,"26":0,"27":0,"28":0,"29":0,"30":0,"31":0,"32":0,"33":0,"34":0,"35":0,"36":0,"37":0,"38":0,"39":0,"40":0,"41":0,"42":0,"43":0,"44":0,"45":0,"46":0,"47":0,"48":0,"49":0,"50":0,"51":0,"52":0,"53":0,"54":0,"55":0,"56":0,"57":0,"58":0,"59":0,"60":0,"61":0,"62":0,"63":0,"64":0,"65":0,"66":0,"67":0,"68":0,"69":0,"70":0,"71":0,"72":0,"73":0,"74":0,"75":0,"76":0,"77":0,"78":0,"79":0,"80":0,"81":0},"f":{"0":0,"1":0,"2":0,"3":0,"4":0,"5":0,"6":0,"7":0,"8":0},"b":{"0":[0,0],"1":[0,0],"2":[0,0],"3":[0,0],"4":[0,0],"5":[0,0],"6":[0,0],"7":[0,0],"8":[0,0],"9":[0,0],"10":[0,0],"11":[0,0],"12":[0,0],"13":[0,0],"14":[0,0],"15":[0,0],"16":[0,0]}}
,"C:\\adbrain-legal\\extension\\src\\popup\\direct-validation-loading.js": {"path":"C:\\adbrain-legal\\extension\\src\\popup\\direct-validation-loading.js","statementMap":{"0":{"start":{"line":8,"column":0},"end":{"line":77,"column":5}},"1":{"start":{"line":15,"column":8},"end":{"line":19,"column":9}},"2":{"start":{"line":16,"column":12},"end":{"line":16,"column":45}},"3":{"start":{"line":17,"column":12},"end":{"line":17,"column":52}},"4":{"start":{"line":18,"column":12},"end":{"line":18,"column":19}},"5":{"start":{"line":22,"column":31},"end":{"line":22,"column":60}},"6":{"start":{"line":23,"column":8},"end":{"line":23,"column":53}},"7":{"start":{"line":24,"column":8},"end":{"line":24,"column":48}},"8":{"start":{"line":25,"column":8},"end":{"line":25,"column":39}},"9":{"start":{"line":26,"column":8},"end":{"line":26,"column":40}},"10":{"start":{"line":27,"column":8},"end":{"line":27,"column":44}},"11":{"start":{"line":28,"column":8},"end":{"line":28,"column":45}},"12":{"start":{"line":29,"column":8},"end":{"line":29,"column":68}},"13":{"start":{"line":30,"column":8},"end":{"line":30,"column":46}},"14":{"start":{"line":31,"column":8},"end":{"line":31,"column":55}},"15":{"start":{"line":32,"column":8},"end":{"line":32,"column":51}},"16":{"start":{"line":33,"column":8},"end":{"line":33,"column":45}},"17":{"start":{"line":35,"column":8},"end":{"line":48,"column":10}},"18":{"start":{"line":50,"column":8},"end":{"line":50,"column":50}},"19":{"start":{"line":58,"column":8},"end":{"line":61,"column":9}},"20":{"start":{"line":59,"column":12},"end":{"line":59,"column":45}},"21":{"start":{"line":60,"column":12},"end":{"line":60,"column":19}},"22":{"start":{"line":64,"column":31},"end":{"line":64,"column":80}},"23":{"start":{"line":65,"column":8},"end":{"line":67,"column":9}},"24":{"start":{"line":66,"column":12},"end":{"line":66,"column":36}},"25":{"start":{"line":71,"column":4},"end":{"line":74,"column":6}},"26":{"start":{"line":76,"column":4},"end":{"line":76,"column":55}}},"fnMap":{"0":{"name":"(anonymous_0)","decl":{"start":{"line":8,"column":1},"end":{"line":8,"column":2}},"loc":{"start":{"line":8,"column":12},"end":{"line":77,"column":1}},"line":8},"1":{"name":"showLoading","decl":{"start":{"line":13,"column":13},"end":{"line":13,"column":24}},"loc":{"start":{"line":13,"column":34},"end":{"line":51,"column":5}},"line":13},"2":{"name":"hideLoading","decl":{"start":{"line":56,"column":13},"end":{"line":56,"column":24}},"loc":{"start":{"line":56,"column":27},"end":{"line":68,"column":5}},"line":56}},"branchMap":{"0":{"loc":{"start":{"line":15,"column":8},"end":{"line":19,"column":9}},"type":"if","locations":[{"start":{"line":15,"column":8},"end":{"line":19,"column":9}},{"start":{},"end":{}}],"line":15},"1":{"loc":{"start":{"line":15,"column":12},"end":{"line":15,"column":69}},"type":"binary-expr","locations":[{"start":{"line":15,"column":12},"end":{"line":15,"column":35}},{"start":{"line":15,"column":39},"end":{"line":15,"column":69}}],"line":15},"2":{"loc":{"start":{"line":58,"column":8},"end":{"line":61,"column":9}},"type":"if","locations":[{"start":{"line":58,"column":8},"end":{"line":61,"column":9}},{"start":{},"end":{}}],"line":58},"3":{"loc":{"start":{"line":58,"column":12},"end":{"line":58,"column":69}},"type":"binary-expr","locations":[{"start":{"line":58,"column":12},"end":{"line":58,"column":35}},{"start":{"line":58,"column":39},"end":{"line":58,"column":69}}],"line":58},"4":{"loc":{"start":{"line":65,"column":8},"end":{"line":67,"column":9}},"type":"if","locations":[{"start":{"line":65,"column":8},"end":{"line":67,"column":9}},{"start":{},"end":{}}],"line":65}},"s":{"0":0,"1":0,"2":0,"3":0,"4":0,"5":0,"6":0,"7":0,"8":0,"9":0,"10":0,"11":0,"12":0,"13":0,"14":0,"15":0,"16":0,"17":0,"18":0,"19":0,"20":0,"21":0,"22":0,"23":0,"24":0,"25":0,"26":0},"f":{"0":0,"1":0,"2":0},"b":{"0":[0,0],"1":[0,0],"2":[0,0],"3":[0,0],"4":[0,0]}}
,"C:\\adbrain-legal\\extension\\src\\popup\\direct-validation-tabs.js": {"path":"C:\\adbrain-legal\\extension\\src\\popup\\direct-validation-tabs.js","statementMap":{"0":{"start":{"line":8,"column":0},"end":{"line":191,"column":5}},"1":{"start":{"line":13,"column":8},"end":{"line":13,"column":60}},"2":{"start":{"line":16,"column":36},"end":{"line":16,"column":96}},"3":{"start":{"line":17,"column":8},"end":{"line":17,"column":94}},"4":{"start":{"line":19,"column":8},"end":{"line":105,"column":9}},"5":{"start":{"line":20,"column":12},"end":{"line":20,"column":67}},"6":{"start":{"line":21,"column":12},"end":{"line":21,"column":40}},"7":{"start":{"line":24,"column":12},"end":{"line":43,"column":20}},"8":{"start":{"line":25,"column":40},"end":{"line":25,"column":81}},"9":{"start":{"line":26,"column":16},"end":{"line":42,"column":17}},"10":{"start":{"line":27,"column":20},"end":{"line":27,"column":91}},"11":{"start":{"line":28,"column":20},"end":{"line":28,"column":119}},"12":{"start":{"line":31,"column":20},"end":{"line":41,"column":21}},"13":{"start":{"line":32,"column":24},"end":{"line":32,"column":87}},"14":{"start":{"line":35,"column":24},"end":{"line":35,"column":115}},"15":{"start":{"line":35,"column":81},"end":{"line":35,"column":113}},"16":{"start":{"line":36,"column":24},"end":{"line":36,"column":112}},"17":{"start":{"line":36,"column":80},"end":{"line":36,"column":110}},"18":{"start":{"line":39,"column":24},"end":{"line":39,"column":64}},"19":{"start":{"line":40,"column":24},"end":{"line":40,"column":68}},"20":{"start":{"line":46,"column":12},"end":{"line":46,"column":82}},"21":{"start":{"line":49,"column":34},"end":{"line":49,"column":74}},"22":{"start":{"line":50,"column":12},"end":{"line":50,"column":68}},"23":{"start":{"line":52,"column":40},"end":{"line":52,"column":45}},"24":{"start":{"line":54,"column":12},"end":{"line":87,"column":15}},"25":{"start":{"line":55,"column":16},"end":{"line":55,"column":69}},"26":{"start":{"line":56,"column":16},"end":{"line":56,"column":93}},"27":{"start":{"line":59,"column":16},"end":{"line":86,"column":17}},"28":{"start":{"line":60,"column":20},"end":{"line":60,"column":89}},"29":{"start":{"line":61,"column":20},"end":{"line":61,"column":89}},"30":{"start":{"line":62,"column":20},"end":{"line":62,"column":35}},"31":{"start":{"line":63,"column":20},"end":{"line":63,"column":49}},"32":{"start":{"line":66,"column":20},"end":{"line":85,"column":28}},"33":{"start":{"line":67,"column":48},"end":{"line":67,"column":89}},"34":{"start":{"line":68,"column":24},"end":{"line":84,"column":25}},"35":{"start":{"line":69,"column":28},"end":{"line":69,"column":99}},"36":{"start":{"line":70,"column":28},"end":{"line":70,"column":127}},"37":{"start":{"line":73,"column":28},"end":{"line":83,"column":29}},"38":{"start":{"line":74,"column":32},"end":{"line":74,"column":95}},"39":{"start":{"line":77,"column":32},"end":{"line":77,"column":123}},"40":{"start":{"line":77,"column":89},"end":{"line":77,"column":121}},"41":{"start":{"line":78,"column":32},"end":{"line":78,"column":120}},"42":{"start":{"line":78,"column":88},"end":{"line":78,"column":118}},"43":{"start":{"line":81,"column":32},"end":{"line":81,"column":72}},"44":{"start":{"line":82,"column":32},"end":{"line":82,"column":63}},"45":{"start":{"line":89,"column":12},"end":{"line":104,"column":13}},"46":{"start":{"line":90,"column":16},"end":{"line":90,"column":92}},"47":{"start":{"line":93,"column":40},"end":{"line":93,"column":81}},"48":{"start":{"line":94,"column":16},"end":{"line":103,"column":17}},"49":{"start":{"line":95,"column":20},"end":{"line":95,"column":94}},"50":{"start":{"line":98,"column":20},"end":{"line":98,"column":111}},"51":{"start":{"line":98,"column":77},"end":{"line":98,"column":109}},"52":{"start":{"line":99,"column":20},"end":{"line":99,"column":108}},"53":{"start":{"line":99,"column":76},"end":{"line":99,"column":106}},"54":{"start":{"line":102,"column":20},"end":{"line":102,"column":60}},"55":{"start":{"line":108,"column":8},"end":{"line":171,"column":16}},"56":{"start":{"line":110,"column":36},"end":{"line":110,"column":77}},"57":{"start":{"line":111,"column":12},"end":{"line":170,"column":13}},"58":{"start":{"line":112,"column":16},"end":{"line":112,"column":87}},"59":{"start":{"line":113,"column":16},"end":{"line":113,"column":115}},"60":{"start":{"line":116,"column":37},"end":{"line":116,"column":92}},"61":{"start":{"line":117,"column":16},"end":{"line":117,"column":88}},"62":{"start":{"line":119,"column":16},"end":{"line":140,"column":17}},"63":{"start":{"line":120,"column":34},"end":{"line":120,"column":69}},"64":{"start":{"line":121,"column":20},"end":{"line":121,"column":85}},"65":{"start":{"line":122,"column":20},"end":{"line":124,"column":21}},"66":{"start":{"line":123,"column":24},"end":{"line":123,"column":87}},"67":{"start":{"line":127,"column":38},"end":{"line":127,"column":79}},"68":{"start":{"line":128,"column":20},"end":{"line":128,"column":87}},"69":{"start":{"line":130,"column":20},"end":{"line":139,"column":21}},"70":{"start":{"line":131,"column":43},"end":{"line":131,"column":55}},"71":{"start":{"line":132,"column":24},"end":{"line":132,"column":93}},"72":{"start":{"line":134,"column":38},"end":{"line":134,"column":71}},"73":{"start":{"line":135,"column":24},"end":{"line":135,"column":82}},"74":{"start":{"line":136,"column":24},"end":{"line":138,"column":25}},"75":{"start":{"line":137,"column":28},"end":{"line":137,"column":84}},"76":{"start":{"line":142,"column":16},"end":{"line":142,"column":75}},"77":{"start":{"line":145,"column":37},"end":{"line":145,"column":76}},"78":{"start":{"line":146,"column":16},"end":{"line":146,"column":70}},"79":{"start":{"line":148,"column":16},"end":{"line":169,"column":19}},"80":{"start":{"line":149,"column":20},"end":{"line":149,"column":71}},"81":{"start":{"line":150,"column":20},"end":{"line":150,"column":77}},"82":{"start":{"line":151,"column":20},"end":{"line":151,"column":89}},"83":{"start":{"line":152,"column":20},"end":{"line":152,"column":111}},"84":{"start":{"line":155,"column":20},"end":{"line":168,"column":21}},"85":{"start":{"line":156,"column":39},"end":{"line":156,"column":70}},"86":{"start":{"line":157,"column":24},"end":{"line":157,"column":80}},"87":{"start":{"line":159,"column":24},"end":{"line":167,"column":27}},"88":{"start":{"line":160,"column":28},"end":{"line":160,"column":96}},"89":{"start":{"line":162,"column":42},"end":{"line":162,"column":70}},"90":{"start":{"line":163,"column":28},"end":{"line":163,"column":94}},"91":{"start":{"line":164,"column":28},"end":{"line":166,"column":29}},"92":{"start":{"line":165,"column":32},"end":{"line":165,"column":96}},"93":{"start":{"line":178,"column":24},"end":{"line":178,"column":78}},"94":{"start":{"line":179,"column":8},"end":{"line":181,"column":9}},"95":{"start":{"line":180,"column":12},"end":{"line":180,"column":28}},"96":{"start":{"line":185,"column":4},"end":{"line":188,"column":6}},"97":{"start":{"line":190,"column":4},"end":{"line":190,"column":52}}},"fnMap":{"0":{"name":"(anonymous_0)","decl":{"start":{"line":8,"column":1},"end":{"line":8,"column":2}},"loc":{"start":{"line":8,"column":12},"end":{"line":191,"column":1}},"line":8},"1":{"name":"switchToValidationTab","decl":{"start":{"line":12,"column":13},"end":{"line":12,"column":34}},"loc":{"start":{"line":12,"column":37},"end":{"line":172,"column":5}},"line":12},"2":{"name":"(anonymous_2)","decl":{"start":{"line":24,"column":23},"end":{"line":24,"column":24}},"loc":{"start":{"line":24,"column":29},"end":{"line":43,"column":13}},"line":24},"3":{"name":"(anonymous_3)","decl":{"start":{"line":35,"column":72},"end":{"line":35,"column":73}},"loc":{"start":{"line":35,"column":81},"end":{"line":35,"column":113}},"line":35},"4":{"name":"(anonymous_4)","decl":{"start":{"line":36,"column":73},"end":{"line":36,"column":74}},"loc":{"start":{"line":36,"column":80},"end":{"line":36,"column":110}},"line":36},"5":{"name":"(anonymous_5)","decl":{"start":{"line":54,"column":34},"end":{"line":54,"column":35}},"loc":{"start":{"line":54,"column":53},"end":{"line":87,"column":13}},"line":54},"6":{"name":"(anonymous_6)","decl":{"start":{"line":66,"column":31},"end":{"line":66,"column":32}},"loc":{"start":{"line":66,"column":37},"end":{"line":85,"column":21}},"line":66},"7":{"name":"(anonymous_7)","decl":{"start":{"line":77,"column":80},"end":{"line":77,"column":81}},"loc":{"start":{"line":77,"column":89},"end":{"line":77,"column":121}},"line":77},"8":{"name":"(anonymous_8)","decl":{"start":{"line":78,"column":81},"end":{"line":78,"column":82}},"loc":{"start":{"line":78,"column":88},"end":{"line":78,"column":118}},"line":78},"9":{"name":"(anonymous_9)","decl":{"start":{"line":98,"column":68},"end":{"line":98,"column":69}},"loc":{"start":{"line":98,"column":77},"end":{"line":98,"column":109}},"line":98},"10":{"name":"(anonymous_10)","decl":{"start":{"line":99,"column":69},"end":{"line":99,"column":70}},"loc":{"start":{"line":99,"column":76},"end":{"line":99,"column":106}},"line":99},"11":{"name":"(anonymous_11)","decl":{"start":{"line":108,"column":19},"end":{"line":108,"column":20}},"loc":{"start":{"line":108,"column":25},"end":{"line":171,"column":9}},"line":108},"12":{"name":"(anonymous_12)","decl":{"start":{"line":148,"column":37},"end":{"line":148,"column":38}},"loc":{"start":{"line":148,"column":55},"end":{"line":169,"column":17}},"line":148},"13":{"name":"(anonymous_13)","decl":{"start":{"line":159,"column":39},"end":{"line":159,"column":40}},"loc":{"start":{"line":159,"column":62},"end":{"line":167,"column":25}},"line":159},"14":{"name":"switchToFeedTab","decl":{"start":{"line":177,"column":13},"end":{"line":177,"column":28}},"loc":{"start":{"line":177,"column":31},"end":{"line":182,"column":5}},"line":177}},"branchMap":{"0":{"loc":{"start":{"line":19,"column":8},"end":{"line":105,"column":9}},"type":"if","locations":[{"start":{"line":19,"column":8},"end":{"line":105,"column":9}},{"start":{"line":44,"column":15},"end":{"line":105,"column":9}}],"line":19},"1":{"loc":{"start":{"line":26,"column":16},"end":{"line":42,"column":17}},"type":"if","locations":[{"start":{"line":26,"column":16},"end":{"line":42,"column":17}},{"start":{},"end":{}}],"line":26},"2":{"loc":{"start":{"line":31,"column":20},"end":{"line":41,"column":21}},"type":"if","locations":[{"start":{"line":31,"column":20},"end":{"line":41,"column":21}},{"start":{},"end":{}}],"line":31},"3":{"loc":{"start":{"line":59,"column":16},"end":{"line":86,"column":17}},"type":"if","locations":[{"start":{"line":59,"column":16},"end":{"line":86,"column":17}},{"start":{},"end":{}}],"line":59},"4":{"loc":{"start":{"line":68,"column":24},"end":{"line":84,"column":25}},"type":"if","locations":[{"start":{"line":68,"column":24},"end":{"line":84,"column":25}},{"start":{},"end":{}}],"line":68},"5":{"loc":{"start":{"line":73,"column":28},"end":{"line":83,"column":29}},"type":"if","locations":[{"start":{"line":73,"column":28},"end":{"line":83,"column":29}},{"start":{},"end":{}}],"line":73},"6":{"loc":{"start":{"line":89,"column":12},"end":{"line":104,"column":13}},"type":"if","locations":[{"start":{"line":89,"column":12},"end":{"line":104,"column":13}},{"start":{},"end":{}}],"line":89},"7":{"loc":{"start":{"line":94,"column":16},"end":{"line":103,"column":17}},"type":"if","locations":[{"start":{"line":94,"column":16},"end":{"line":103,"column":17}},{"start":{},"end":{}}],"line":94},"8":{"loc":{"start":{"line":111,"column":12},"end":{"line":170,"column":13}},"type":"if","locations":[{"start":{"line":111,"column":12},"end":{"line":170,"column":13}},{"start":{"line":141,"column":19},"end":{"line":170,"column":13}}],"line":111},"9":{"loc":{"start":{"line":119,"column":16},"end":{"line":140,"column":17}},"type":"if","locations":[{"start":{"line":119,"column":16},"end":{"line":140,"column":17}},{"start":{"line":125,"column":23},"end":{"line":140,"column":17}}],"line":119},"10":{"loc":{"start":{"line":122,"column":20},"end":{"line":124,"column":21}},"type":"if","locations":[{"start":{"line":122,"column":20},"end":{"line":124,"column":21}},{"start":{},"end":{}}],"line":122},"11":{"loc":{"start":{"line":130,"column":20},"end":{"line":139,"column":21}},"type":"if","locations":[{"start":{"line":130,"column":20},"end":{"line":139,"column":21}},{"start":{},"end":{}}],"line":130},"12":{"loc":{"start":{"line":136,"column":24},"end":{"line":138,"column":25}},"type":"if","locations":[{"start":{"line":136,"column":24},"end":{"line":138,"column":25}},{"start":{},"end":{}}],"line":136},"13":{"loc":{"start":{"line":155,"column":20},"end":{"line":168,"column":21}},"type":"if","locations":[{"start":{"line":155,"column":20},"end":{"line":168,"column":21}},{"start":{},"end":{}}],"line":155},"14":{"loc":{"start":{"line":164,"column":28},"end":{"line":166,"column":29}},"type":"if","locations":[{"start":{"line":164,"column":28},"end":{"line":166,"column":29}},{"start":{},"end":{}}],"line":164},"15":{"loc":{"start":{"line":179,"column":8},"end":{"line":181,"column":9}},"type":"if","locations":[{"start":{"line":179,"column":8},"end":{"line":181,"column":9}},{"start":{},"end":{}}],"line":179}},"s":{"0":0,"1":0,"2":0,"3":0,"4":0,"5":0,"6":0,"7":0,"8":0,"9":0,"10":0,"11":0,"12":0,"13":0,"14":0,"15":0,"16":0,"17":0,"18":0,"19":0,"20":0,"21":0,"22":0,"23":0,"24":0,"25":0,"26":0,"27":0,"28":0,"29":0,"30":0,"31":0,"32":0,"33":0,"34":0,"35":0,"36":0,"37":0,"38":0,"39":0,"40":0,"41":0,"42":0,"43":0,"44":0,"45":0,"46":0,"47":0,"48":0,"49":0,"50":0,"51":0,"52":0,"53":0,"54":0,"55":0,"56":0,"57":0,"58":0,"59":0,"60":0,"61":0,"62":0,"63":0,"64":0,"65":0,"66":0,"67":0,"68":0,"69":0,"70":0,"71":0,"72":0,"73":0,"74":0,"75":0,"76":0,"77":0,"78":0,"79":0,"80":0,"81":0,"82":0,"83":0,"84":0,"85":0,"86":0,"87":0,"88":0,"89":0,"90":0,"91":0,"92":0,"93":0,"94":0,"95":0,"96":0,"97":0},"f":{"0":0,"1":0,"2":0,"3":0,"4":0,"5":0,"6":0,"7":0,"8":0,"9":0,"10":0,"11":0,"12":0,"13":0,"14":0},"b":{"0":[0,0],"1":[0,0],"2":[0,0],"3":[0,0],"4":[0,0],"5":[0,0],"6":[0,0],"7":[0,0],"8":[0,0],"9":[0,0],"10":[0,0],"11":[0,0],"12":[0,0],"13":[0,0],"14":[0,0],"15":[0,0]}}
,"C:\\adbrain-legal\\extension\\src\\popup\\direct-validation-ui.js": {"path":"C:\\adbrain-legal\\extension\\src\\popup\\direct-validation-ui.js","statementMap":{"0":{"start":{"line":9,"column":0},"end":{"line":397,"column":5}},"1":{"start":{"line":15,"column":8},"end":{"line":15,"column":87}},"2":{"start":{"line":18,"column":8},"end":{"line":20,"column":9}},"3":{"start":{"line":19,"column":12},"end":{"line":19,"column":76}},"4":{"start":{"line":23,"column":8},"end":{"line":25,"column":9}},"5":{"start":{"line":24,"column":12},"end":{"line":24,"column":64}},"6":{"start":{"line":28,"column":31},"end":{"line":28,"column":60}},"7":{"start":{"line":29,"column":8},"end":{"line":29,"column":53}},"8":{"start":{"line":30,"column":8},"end":{"line":30,"column":48}},"9":{"start":{"line":31,"column":8},"end":{"line":31,"column":42}},"10":{"start":{"line":32,"column":8},"end":{"line":32,"column":42}},"11":{"start":{"line":33,"column":8},"end":{"line":33,"column":60}},"12":{"start":{"line":34,"column":8},"end":{"line":34,"column":57}},"13":{"start":{"line":35,"column":8},"end":{"line":35,"column":45}},"14":{"start":{"line":36,"column":8},"end":{"line":36,"column":51}},"15":{"start":{"line":37,"column":8},"end":{"line":37,"column":50}},"16":{"start":{"line":38,"column":8},"end":{"line":38,"column":70}},"17":{"start":{"line":39,"column":8},"end":{"line":39,"column":45}},"18":{"start":{"line":40,"column":8},"end":{"line":40,"column":101}},"19":{"start":{"line":42,"column":8},"end":{"line":42,"column":50}},"20":{"start":{"line":45,"column":8},"end":{"line":49,"column":17}},"21":{"start":{"line":46,"column":12},"end":{"line":46,"column":47}},"22":{"start":{"line":47,"column":12},"end":{"line":47,"column":61}},"23":{"start":{"line":48,"column":12},"end":{"line":48,"column":59}},"24":{"start":{"line":48,"column":29},"end":{"line":48,"column":52}},"25":{"start":{"line":51,"column":8},"end":{"line":51,"column":87}},"26":{"start":{"line":60,"column":8},"end":{"line":62,"column":9}},"27":{"start":{"line":61,"column":12},"end":{"line":61,"column":84}},"28":{"start":{"line":65,"column":28},"end":{"line":65,"column":30}},"29":{"start":{"line":66,"column":8},"end":{"line":72,"column":11}},"30":{"start":{"line":67,"column":29},"end":{"line":67,"column":56}},"31":{"start":{"line":68,"column":12},"end":{"line":70,"column":13}},"32":{"start":{"line":69,"column":16},"end":{"line":69,"column":43}},"33":{"start":{"line":71,"column":12},"end":{"line":71,"column":46}},"34":{"start":{"line":75,"column":19},"end":{"line":75,"column":52}},"35":{"start":{"line":76,"column":8},"end":{"line":76,"column":64}},"36":{"start":{"line":78,"column":8},"end":{"line":96,"column":11}},"37":{"start":{"line":79,"column":12},"end":{"line":95,"column":14}},"38":{"start":{"line":87,"column":28},"end":{"line":91,"column":35}},"39":{"start":{"line":98,"column":8},"end":{"line":98,"column":25}},"40":{"start":{"line":99,"column":8},"end":{"line":99,"column":20}},"41":{"start":{"line":107,"column":25},"end":{"line":107,"column":60}},"42":{"start":{"line":110,"column":8},"end":{"line":112,"column":9}},"43":{"start":{"line":111,"column":12},"end":{"line":111,"column":41}},"44":{"start":{"line":120,"column":34},"end":{"line":120,"column":35}},"45":{"start":{"line":121,"column":29},"end":{"line":121,"column":30}},"46":{"start":{"line":122,"column":31},"end":{"line":122,"column":32}},"47":{"start":{"line":125,"column":31},"end":{"line":125,"column":68}},"48":{"start":{"line":126,"column":12},"end":{"line":133,"column":15}},"49":{"start":{"line":127,"column":16},"end":{"line":127,"column":34}},"50":{"start":{"line":128,"column":16},"end":{"line":132,"column":17}},"51":{"start":{"line":129,"column":20},"end":{"line":129,"column":33}},"52":{"start":{"line":130,"column":23},"end":{"line":132,"column":17}},"53":{"start":{"line":131,"column":20},"end":{"line":131,"column":35}},"54":{"start":{"line":136,"column":38},"end":{"line":136,"column":73}},"55":{"start":{"line":137,"column":12},"end":{"line":140,"column":13}},"56":{"start":{"line":138,"column":16},"end":{"line":138,"column":82}},"57":{"start":{"line":139,"column":16},"end":{"line":139,"column":103}},"58":{"start":{"line":143,"column":44},"end":{"line":143,"column":85}},"59":{"start":{"line":144,"column":12},"end":{"line":148,"column":13}},"60":{"start":{"line":145,"column":32},"end":{"line":145,"column":53}},"61":{"start":{"line":146,"column":16},"end":{"line":146,"column":94}},"62":{"start":{"line":147,"column":16},"end":{"line":147,"column":105}},"63":{"start":{"line":151,"column":12},"end":{"line":156,"column":13}},"64":{"start":{"line":152,"column":40},"end":{"line":152,"column":80}},"65":{"start":{"line":153,"column":16},"end":{"line":155,"column":17}},"66":{"start":{"line":154,"column":20},"end":{"line":154,"column":113}},"67":{"start":{"line":159,"column":8},"end":{"line":260,"column":11}},"68":{"start":{"line":160,"column":12},"end":{"line":259,"column":15}},"69":{"start":{"line":161,"column":16},"end":{"line":161,"column":35}},"70":{"start":{"line":162,"column":33},"end":{"line":162,"column":59}},"71":{"start":{"line":165,"column":16},"end":{"line":167,"column":17}},"72":{"start":{"line":166,"column":20},"end":{"line":166,"column":66}},"73":{"start":{"line":170,"column":30},"end":{"line":170,"column":77}},"74":{"start":{"line":171,"column":16},"end":{"line":258,"column":17}},"75":{"start":{"line":172,"column":33},"end":{"line":172,"column":67}},"76":{"start":{"line":173,"column":20},"end":{"line":257,"column":21}},"77":{"start":{"line":174,"column":36},"end":{"line":174,"column":54}},"78":{"start":{"line":177,"column":24},"end":{"line":177,"column":84}},"79":{"start":{"line":180,"column":24},"end":{"line":180,"column":62}},"80":{"start":{"line":183,"column":24},"end":{"line":189,"column":25}},"81":{"start":{"line":184,"column":28},"end":{"line":188,"column":30}},"82":{"start":{"line":192,"column":43},"end":{"line":192,"column":104}},"83":{"start":{"line":193,"column":24},"end":{"line":256,"column":27}},"84":{"start":{"line":194,"column":42},"end":{"line":194,"column":60}},"85":{"start":{"line":195,"column":28},"end":{"line":255,"column":29}},"86":{"start":{"line":197,"column":32},"end":{"line":199,"column":33}},"87":{"start":{"line":198,"column":36},"end":{"line":198,"column":96}},"88":{"start":{"line":200,"column":32},"end":{"line":200,"column":98}},"89":{"start":{"line":203,"column":53},"end":{"line":203,"column":89}},"90":{"start":{"line":204,"column":32},"end":{"line":254,"column":33}},"91":{"start":{"line":206,"column":36},"end":{"line":206,"column":96}},"92":{"start":{"line":207,"column":36},"end":{"line":207,"column":79}},"93":{"start":{"line":210,"column":36},"end":{"line":210,"column":99}},"94":{"start":{"line":213,"column":36},"end":{"line":253,"column":37}},"95":{"start":{"line":214,"column":40},"end":{"line":214,"column":94}},"96":{"start":{"line":215,"column":40},"end":{"line":252,"column":43}},"97":{"start":{"line":217,"column":44},"end":{"line":217,"column":98}},"98":{"start":{"line":218,"column":44},"end":{"line":218,"column":79}},"99":{"start":{"line":221,"column":66},"end":{"line":221,"column":126}},"100":{"start":{"line":222,"column":44},"end":{"line":231,"column":47}},"101":{"start":{"line":224,"column":67},"end":{"line":224,"column":103}},"102":{"start":{"line":225,"column":48},"end":{"line":225,"column":70}},"103":{"start":{"line":228,"column":48},"end":{"line":230,"column":49}},"104":{"start":{"line":229,"column":52},"end":{"line":229,"column":72}},"105":{"start":{"line":234,"column":44},"end":{"line":234,"column":104}},"106":{"start":{"line":237,"column":59},"end":{"line":237,"column":63}},"107":{"start":{"line":238,"column":44},"end":{"line":243,"column":45}},"108":{"start":{"line":239,"column":48},"end":{"line":242,"column":49}},"109":{"start":{"line":240,"column":52},"end":{"line":240,"column":69}},"110":{"start":{"line":241,"column":52},"end":{"line":241,"column":58}},"111":{"start":{"line":246,"column":44},"end":{"line":248,"column":45}},"112":{"start":{"line":247,"column":48},"end":{"line":247,"column":79}},"113":{"start":{"line":251,"column":44},"end":{"line":251,"column":69}},"114":{"start":{"line":269,"column":31},"end":{"line":269,"column":86}},"115":{"start":{"line":270,"column":8},"end":{"line":270,"column":56}},"116":{"start":{"line":270,"column":40},"end":{"line":270,"column":54}},"117":{"start":{"line":273,"column":22},"end":{"line":273,"column":51}},"118":{"start":{"line":274,"column":8},"end":{"line":274,"column":54}},"119":{"start":{"line":275,"column":8},"end":{"line":275,"column":46}},"120":{"start":{"line":278,"column":8},"end":{"line":278,"column":39}},"121":{"start":{"line":279,"column":8},"end":{"line":279,"column":34}},"122":{"start":{"line":280,"column":8},"end":{"line":280,"column":35}},"123":{"start":{"line":281,"column":8},"end":{"line":281,"column":36}},"124":{"start":{"line":282,"column":8},"end":{"line":282,"column":46}},"125":{"start":{"line":283,"column":8},"end":{"line":283,"column":46}},"126":{"start":{"line":284,"column":8},"end":{"line":284,"column":41}},"127":{"start":{"line":285,"column":8},"end":{"line":285,"column":61}},"128":{"start":{"line":286,"column":8},"end":{"line":286,"column":36}},"129":{"start":{"line":287,"column":8},"end":{"line":287,"column":37}},"130":{"start":{"line":288,"column":8},"end":{"line":288,"column":39}},"131":{"start":{"line":289,"column":8},"end":{"line":289,"column":39}},"132":{"start":{"line":292,"column":27},"end":{"line":292,"column":54}},"133":{"start":{"line":295,"column":8},"end":{"line":321,"column":10}},"134":{"start":{"line":324,"column":8},"end":{"line":324,"column":41}},"135":{"start":{"line":327,"column":25},"end":{"line":327,"column":54}},"136":{"start":{"line":328,"column":8},"end":{"line":330,"column":9}},"137":{"start":{"line":329,"column":12},"end":{"line":329,"column":69}},"138":{"start":{"line":329,"column":53},"end":{"line":329,"column":67}},"139":{"start":{"line":333,"column":8},"end":{"line":333,"column":34}},"140":{"start":{"line":336,"column":8},"end":{"line":336,"column":29}},"141":{"start":{"line":344,"column":23},"end":{"line":344,"column":64}},"142":{"start":{"line":345,"column":8},"end":{"line":345,"column":28}},"143":{"start":{"line":345,"column":21},"end":{"line":345,"column":28}},"144":{"start":{"line":347,"column":25},"end":{"line":347,"column":30}},"145":{"start":{"line":350,"column":8},"end":{"line":350,"column":37}},"146":{"start":{"line":352,"column":8},"end":{"line":362,"column":11}},"147":{"start":{"line":354,"column":12},"end":{"line":354,"column":54}},"148":{"start":{"line":354,"column":47},"end":{"line":354,"column":54}},"149":{"start":{"line":356,"column":12},"end":{"line":356,"column":30}},"150":{"start":{"line":357,"column":12},"end":{"line":357,"column":71}},"151":{"start":{"line":358,"column":12},"end":{"line":358,"column":70}},"152":{"start":{"line":361,"column":12},"end":{"line":361,"column":31}},"153":{"start":{"line":364,"column":8},"end":{"line":380,"column":11}},"154":{"start":{"line":365,"column":12},"end":{"line":365,"column":36}},"155":{"start":{"line":365,"column":29},"end":{"line":365,"column":36}},"156":{"start":{"line":367,"column":22},"end":{"line":367,"column":41}},"157":{"start":{"line":368,"column":22},"end":{"line":368,"column":41}},"158":{"start":{"line":371,"column":25},"end":{"line":371,"column":64}},"159":{"start":{"line":372,"column":25},"end":{"line":372,"column":66}},"160":{"start":{"line":374,"column":12},"end":{"line":374,"column":71}},"161":{"start":{"line":375,"column":12},"end":{"line":375,"column":70}},"162":{"start":{"line":378,"column":12},"end":{"line":378,"column":45}},"163":{"start":{"line":379,"column":12},"end":{"line":379,"column":41}},"164":{"start":{"line":382,"column":8},"end":{"line":384,"column":11}},"165":{"start":{"line":383,"column":12},"end":{"line":383,"column":31}},"166":{"start":{"line":388,"column":4},"end":{"line":394,"column":6}},"167":{"start":{"line":396,"column":4},"end":{"line":396,"column":50}}},"fnMap":{"0":{"name":"(anonymous_0)","decl":{"start":{"line":9,"column":1},"end":{"line":9,"column":2}},"loc":{"start":{"line":9,"column":12},"end":{"line":397,"column":1}},"line":9},"1":{"name":"displayValidationResults","decl":{"start":{"line":14,"column":13},"end":{"line":14,"column":37}},"loc":{"start":{"line":14,"column":47},"end":{"line":52,"column":5}},"line":14},"2":{"name":"(anonymous_2)","decl":{"start":{"line":45,"column":19},"end":{"line":45,"column":20}},"loc":{"start":{"line":45,"column":25},"end":{"line":49,"column":9}},"line":45},"3":{"name":"(anonymous_3)","decl":{"start":{"line":48,"column":23},"end":{"line":48,"column":24}},"loc":{"start":{"line":48,"column":29},"end":{"line":48,"column":52}},"line":48},"4":{"name":"formatIssuesList","decl":{"start":{"line":59,"column":13},"end":{"line":59,"column":29}},"loc":{"start":{"line":59,"column":38},"end":{"line":100,"column":5}},"line":59},"5":{"name":"(anonymous_5)","decl":{"start":{"line":66,"column":23},"end":{"line":66,"column":24}},"loc":{"start":{"line":66,"column":32},"end":{"line":72,"column":9}},"line":66},"6":{"name":"(anonymous_6)","decl":{"start":{"line":78,"column":44},"end":{"line":78,"column":45}},"loc":{"start":{"line":78,"column":71},"end":{"line":96,"column":9}},"line":78},"7":{"name":"(anonymous_7)","decl":{"start":{"line":86,"column":40},"end":{"line":86,"column":41}},"loc":{"start":{"line":86,"column":49},"end":{"line":92,"column":25}},"line":86},"8":{"name":"setupRowNavigation","decl":{"start":{"line":106,"column":13},"end":{"line":106,"column":31}},"loc":{"start":{"line":106,"column":39},"end":{"line":261,"column":5}},"line":106},"9":{"name":"updateIssueCounts","decl":{"start":{"line":118,"column":17},"end":{"line":118,"column":34}},"loc":{"start":{"line":118,"column":42},"end":{"line":157,"column":9}},"line":118},"10":{"name":"(anonymous_10)","decl":{"start":{"line":126,"column":31},"end":{"line":126,"column":32}},"loc":{"start":{"line":126,"column":39},"end":{"line":133,"column":13}},"line":126},"11":{"name":"(anonymous_11)","decl":{"start":{"line":159,"column":25},"end":{"line":159,"column":26}},"loc":{"start":{"line":159,"column":33},"end":{"line":260,"column":9}},"line":159},"12":{"name":"(anonymous_12)","decl":{"start":{"line":160,"column":43},"end":{"line":160,"column":44}},"loc":{"start":{"line":160,"column":50},"end":{"line":259,"column":13}},"line":160},"13":{"name":"(anonymous_13)","decl":{"start":{"line":193,"column":43},"end":{"line":193,"column":44}},"loc":{"start":{"line":193,"column":51},"end":{"line":256,"column":25}},"line":193},"14":{"name":"(anonymous_14)","decl":{"start":{"line":215,"column":79},"end":{"line":215,"column":80}},"loc":{"start":{"line":215,"column":90},"end":{"line":252,"column":41}},"line":215},"15":{"name":"(anonymous_15)","decl":{"start":{"line":222,"column":66},"end":{"line":222,"column":67}},"loc":{"start":{"line":222,"column":82},"end":{"line":231,"column":45}},"line":222},"16":{"name":"displayValidationDetailsPopup","decl":{"start":{"line":267,"column":13},"end":{"line":267,"column":42}},"loc":{"start":{"line":267,"column":52},"end":{"line":337,"column":5}},"line":267},"17":{"name":"(anonymous_17)","decl":{"start":{"line":270,"column":31},"end":{"line":270,"column":32}},"loc":{"start":{"line":270,"column":40},"end":{"line":270,"column":54}},"line":270},"18":{"name":"(anonymous_18)","decl":{"start":{"line":329,"column":47},"end":{"line":329,"column":48}},"loc":{"start":{"line":329,"column":53},"end":{"line":329,"column":67}},"line":329},"19":{"name":"makeDraggable","decl":{"start":{"line":343,"column":13},"end":{"line":343,"column":26}},"loc":{"start":{"line":343,"column":36},"end":{"line":385,"column":5}},"line":343},"20":{"name":"(anonymous_20)","decl":{"start":{"line":352,"column":45},"end":{"line":352,"column":46}},"loc":{"start":{"line":352,"column":52},"end":{"line":362,"column":9}},"line":352},"21":{"name":"(anonymous_21)","decl":{"start":{"line":364,"column":47},"end":{"line":364,"column":48}},"loc":{"start":{"line":364,"column":54},"end":{"line":380,"column":9}},"line":364},"22":{"name":"(anonymous_22)","decl":{"start":{"line":382,"column":45},"end":{"line":382,"column":46}},"loc":{"start":{"line":382,"column":51},"end":{"line":384,"column":9}},"line":382}},"branchMap":{"0":{"loc":{"start":{"line":18,"column":8},"end":{"line":20,"column":9}},"type":"if","locations":[{"start":{"line":18,"column":8},"end":{"line":20,"column":9}},{"start":{},"end":{}}],"line":18},"1":{"loc":{"start":{"line":23,"column":8},"end":{"line":25,"column":9}},"type":"if","locations":[{"start":{"line":23,"column":8},"end":{"line":25,"column":9}},{"start":{},"end":{}}],"line":23},"2":{"loc":{"start":{"line":60,"column":8},"end":{"line":62,"column":9}},"type":"if","locations":[{"start":{"line":60,"column":8},"end":{"line":62,"column":9}},{"start":{},"end":{}}],"line":60},"3":{"loc":{"start":{"line":60,"column":12},"end":{"line":60,"column":37}},"type":"binary-expr","locations":[{"start":{"line":60,"column":12},"end":{"line":60,"column":19}},{"start":{"line":60,"column":23},"end":{"line":60,"column":37}}],"line":60},"4":{"loc":{"start":{"line":67,"column":29},"end":{"line":67,"column":56}},"type":"binary-expr","locations":[{"start":{"line":67,"column":29},"end":{"line":67,"column":43}},{"start":{"line":67,"column":47},"end":{"line":67,"column":56}}],"line":67},"5":{"loc":{"start":{"line":68,"column":12},"end":{"line":70,"column":13}},"type":"if","locations":[{"start":{"line":68,"column":12},"end":{"line":70,"column":13}},{"start":{},"end":{}}],"line":68},"6":{"loc":{"start":{"line":83,"column":26},"end":{"line":83,"column":189}},"type":"cond-expr","locations":[{"start":{"line":83,"column":51},"end":{"line":83,"column":184}},{"start":{"line":83,"column":187},"end":{"line":83,"column":189}}],"line":83},"7":{"loc":{"start":{"line":88,"column":68},"end":{"line":88,"column":109}},"type":"cond-expr","locations":[{"start":{"line":88,"column":93},"end":{"line":88,"column":98}},{"start":{"line":88,"column":101},"end":{"line":88,"column":109}}],"line":88},"8":{"loc":{"start":{"line":90,"column":34},"end":{"line":90,"column":112}},"type":"cond-expr","locations":[{"start":{"line":90,"column":48},"end":{"line":90,"column":107}},{"start":{"line":90,"column":110},"end":{"line":90,"column":112}}],"line":90},"9":{"loc":{"start":{"line":110,"column":8},"end":{"line":112,"column":9}},"type":"if","locations":[{"start":{"line":110,"column":8},"end":{"line":112,"column":9}},{"start":{},"end":{}}],"line":110},"10":{"loc":{"start":{"line":128,"column":16},"end":{"line":132,"column":17}},"type":"if","locations":[{"start":{"line":128,"column":16},"end":{"line":132,"column":17}},{"start":{"line":130,"column":23},"end":{"line":132,"column":17}}],"line":128},"11":{"loc":{"start":{"line":130,"column":23},"end":{"line":132,"column":17}},"type":"if","locations":[{"start":{"line":130,"column":23},"end":{"line":132,"column":17}},{"start":{},"end":{}}],"line":130},"12":{"loc":{"start":{"line":137,"column":12},"end":{"line":140,"column":13}},"type":"if","locations":[{"start":{"line":137,"column":12},"end":{"line":140,"column":13}},{"start":{},"end":{}}],"line":137},"13":{"loc":{"start":{"line":139,"column":61},"end":{"line":139,"column":100}},"type":"cond-expr","locations":[{"start":{"line":139,"column":83},"end":{"line":139,"column":95}},{"start":{"line":139,"column":98},"end":{"line":139,"column":100}}],"line":139},"14":{"loc":{"start":{"line":144,"column":12},"end":{"line":148,"column":13}},"type":"if","locations":[{"start":{"line":144,"column":12},"end":{"line":148,"column":13}},{"start":{},"end":{}}],"line":144},"15":{"loc":{"start":{"line":146,"column":54},"end":{"line":146,"column":93}},"type":"cond-expr","locations":[{"start":{"line":146,"column":64},"end":{"line":146,"column":76}},{"start":{"line":146,"column":79},"end":{"line":146,"column":93}}],"line":146},"16":{"loc":{"start":{"line":147,"column":73},"end":{"line":147,"column":102}},"type":"cond-expr","locations":[{"start":{"line":147,"column":83},"end":{"line":147,"column":90}},{"start":{"line":147,"column":93},"end":{"line":147,"column":102}}],"line":147},"17":{"loc":{"start":{"line":151,"column":12},"end":{"line":156,"column":13}},"type":"if","locations":[{"start":{"line":151,"column":12},"end":{"line":156,"column":13}},{"start":{},"end":{}}],"line":151},"18":{"loc":{"start":{"line":153,"column":16},"end":{"line":155,"column":17}},"type":"if","locations":[{"start":{"line":153,"column":16},"end":{"line":155,"column":17}},{"start":{},"end":{}}],"line":153},"19":{"loc":{"start":{"line":165,"column":16},"end":{"line":167,"column":17}},"type":"if","locations":[{"start":{"line":165,"column":16},"end":{"line":167,"column":17}},{"start":{},"end":{}}],"line":165},"20":{"loc":{"start":{"line":171,"column":16},"end":{"line":258,"column":17}},"type":"if","locations":[{"start":{"line":171,"column":16},"end":{"line":258,"column":17}},{"start":{},"end":{}}],"line":171},"21":{"loc":{"start":{"line":173,"column":20},"end":{"line":257,"column":21}},"type":"if","locations":[{"start":{"line":173,"column":20},"end":{"line":257,"column":21}},{"start":{},"end":{}}],"line":173},"22":{"loc":{"start":{"line":183,"column":24},"end":{"line":189,"column":25}},"type":"if","locations":[{"start":{"line":183,"column":24},"end":{"line":189,"column":25}},{"start":{},"end":{}}],"line":183},"23":{"loc":{"start":{"line":195,"column":28},"end":{"line":255,"column":29}},"type":"if","locations":[{"start":{"line":195,"column":28},"end":{"line":255,"column":29}},{"start":{},"end":{}}],"line":195},"24":{"loc":{"start":{"line":197,"column":32},"end":{"line":199,"column":33}},"type":"if","locations":[{"start":{"line":197,"column":32},"end":{"line":199,"column":33}},{"start":{},"end":{}}],"line":197},"25":{"loc":{"start":{"line":204,"column":32},"end":{"line":254,"column":33}},"type":"if","locations":[{"start":{"line":204,"column":32},"end":{"line":254,"column":33}},{"start":{},"end":{}}],"line":204},"26":{"loc":{"start":{"line":213,"column":36},"end":{"line":253,"column":37}},"type":"if","locations":[{"start":{"line":213,"column":36},"end":{"line":253,"column":37}},{"start":{},"end":{}}],"line":213},"27":{"loc":{"start":{"line":221,"column":66},"end":{"line":221,"column":126}},"type":"binary-expr","locations":[{"start":{"line":221,"column":66},"end":{"line":221,"column":120}},{"start":{"line":221,"column":124},"end":{"line":221,"column":126}}],"line":221},"28":{"loc":{"start":{"line":228,"column":48},"end":{"line":230,"column":49}},"type":"if","locations":[{"start":{"line":228,"column":48},"end":{"line":230,"column":49}},{"start":{},"end":{}}],"line":228},"29":{"loc":{"start":{"line":228,"column":52},"end":{"line":228,"column":121}},"type":"binary-expr","locations":[{"start":{"line":228,"column":52},"end":{"line":228,"column":62}},{"start":{"line":228,"column":66},"end":{"line":228,"column":121}}],"line":228},"30":{"loc":{"start":{"line":239,"column":48},"end":{"line":242,"column":49}},"type":"if","locations":[{"start":{"line":239,"column":48},"end":{"line":242,"column":49}},{"start":{},"end":{}}],"line":239},"31":{"loc":{"start":{"line":246,"column":44},"end":{"line":248,"column":45}},"type":"if","locations":[{"start":{"line":246,"column":44},"end":{"line":248,"column":45}},{"start":{},"end":{}}],"line":246},"32":{"loc":{"start":{"line":292,"column":27},"end":{"line":292,"column":54}},"type":"binary-expr","locations":[{"start":{"line":292,"column":27},"end":{"line":292,"column":49}},{"start":{"line":292,"column":53},"end":{"line":292,"column":54}}],"line":292},"33":{"loc":{"start":{"line":307,"column":42},"end":{"line":307,"column":75}},"type":"cond-expr","locations":[{"start":{"line":307,"column":60},"end":{"line":307,"column":67}},{"start":{"line":307,"column":70},"end":{"line":307,"column":75}}],"line":307},"34":{"loc":{"start":{"line":307,"column":81},"end":{"line":307,"column":118}},"type":"cond-expr","locations":[{"start":{"line":307,"column":99},"end":{"line":307,"column":106}},{"start":{"line":307,"column":109},"end":{"line":307,"column":118}}],"line":307},"35":{"loc":{"start":{"line":311,"column":42},"end":{"line":311,"column":74}},"type":"cond-expr","locations":[{"start":{"line":311,"column":59},"end":{"line":311,"column":64}},{"start":{"line":311,"column":67},"end":{"line":311,"column":74}}],"line":311},"36":{"loc":{"start":{"line":328,"column":8},"end":{"line":330,"column":9}},"type":"if","locations":[{"start":{"line":328,"column":8},"end":{"line":330,"column":9}},{"start":{},"end":{}}],"line":328},"37":{"loc":{"start":{"line":345,"column":8},"end":{"line":345,"column":28}},"type":"if","locations":[{"start":{"line":345,"column":8},"end":{"line":345,"column":28}},{"start":{},"end":{}}],"line":345},"38":{"loc":{"start":{"line":354,"column":12},"end":{"line":354,"column":54}},"type":"if","locations":[{"start":{"line":354,"column":12},"end":{"line":354,"column":54}},{"start":{},"end":{}}],"line":354},"39":{"loc":{"start":{"line":365,"column":12},"end":{"line":365,"column":36}},"type":"if","locations":[{"start":{"line":365,"column":12},"end":{"line":365,"column":36}},{"start":{},"end":{}}],"line":365}},"s":{"0":0,"1":0,"2":0,"3":0,"4":0,"5":0,"6":0,"7":0,"8":0,"9":0,"10":0,"11":0,"12":0,"13":0,"14":0,"15":0,"16":0,"17":0,"18":0,"19":0,"20":0,"21":0,"22":0,"23":0,"24":0,"25":0,"26":0,"27":0,"28":0,"29":0,"30":0,"31":0,"32":0,"33":0,"34":0,"35":0,"36":0,"37":0,"38":0,"39":0,"40":0,"41":0,"42":0,"43":0,"44":0,"45":0,"46":0,"47":0,"48":0,"49":0,"50":0,"51":0,"52":0,"53":0,"54":0,"55":0,"56":0,"57":0,"58":0,"59":0,"60":0,"61":0,"62":0,"63":0,"64":0,"65":0,"66":0,"67":0,"68":0,"69":0,"70":0,"71":0,"72":0,"73":0,"74":0,"75":0,"76":0,"77":0,"78":0,"79":0,"80":0,"81":0,"82":0,"83":0,"84":0,"85":0,"86":0,"87":0,"88":0,"89":0,"90":0,"91":0,"92":0,"93":0,"94":0,"95":0,"96":0,"97":0,"98":0,"99":0,"100":0,"101":0,"102":0,"103":0,"104":0,"105":0,"106":0,"107":0,"108":0,"109":0,"110":0,"111":0,"112":0,"113":0,"114":0,"115":0,"116":0,"117":0,"118":0,"119":0,"120":0,"121":0,"122":0,"123":0,"124":0,"125":0,"126":0,"127":0,"128":0,"129":0,"130":0,"131":0,"132":0,"133":0,"134":0,"135":0,"136":0,"137":0,"138":0,"139":0,"140":0,"141":0,"142":0,"143":0,"144":0,"145":0,"146":0,"147":0,"148":0,"149":0,"150":0,"151":0,"152":0,"153":0,"154":0,"155":0,"156":0,"157":0,"158":0,"159":0,"160":0,"161":0,"162":0,"163":0,"164":0,"165":0,"166":0,"167":0},"f":{"0":0,"1":0,"2":0,"3":0,"4":0,"5":0,"6":0,"7":0,"8":0,"9":0,"10":0,"11":0,"12":0,"13":0,"14":0,"15":0,"16":0,"17":0,"18":0,"19":0,"20":0,"21":0,"22":0},"b":{"0":[0,0],"1":[0,0],"2":[0,0],"3":[0,0],"4":[0,0],"5":[0,0],"6":[0,0],"7":[0,0],"8":[0,0],"9":[0,0],"10":[0,0],"11":[0,0],"12":[0,0],"13":[0,0],"14":[0,0],"15":[0,0],"16":[0,0],"17":[0,0],"18":[0,0],"19":[0,0],"20":[0,0],"21":[0,0],"22":[0,0],"23":[0,0],"24":[0,0],"25":[0,0],"26":[0,0],"27":[0,0],"28":[0,0],"29":[0,0],"30":[0,0],"31":[0,0],"32":[0,0],"33":[0,0],"34":[0,0],"35":[0,0],"36":[0,0],"37":[0,0],"38":[0,0],"39":[0,0]}}
,"C:\\adbrain-legal\\extension\\src\\popup\\validation_firebase_handler.js": {"path":"C:\\adbrain-legal\\extension\\src\\popup\\validation_firebase_handler.js","statementMap":{"0":{"start":{"line":13,"column":8},"end":{"line":13,"column":33}},"1":{"start":{"line":15,"column":8},"end":{"line":17,"column":9}},"2":{"start":{"line":16,"column":12},"end":{"line":16,"column":111}},"3":{"start":{"line":19,"column":8},"end":{"line":23,"column":9}},"4":{"start":{"line":20,"column":12},"end":{"line":20,"column":82}},"5":{"start":{"line":22,"column":12},"end":{"line":22,"column":88}},"6":{"start":{"line":22,"column":63},"end":{"line":22,"column":85}},"7":{"start":{"line":34,"column":32},"end":{"line":34,"column":70}},"8":{"start":{"line":35,"column":32},"end":{"line":35,"column":91}},"9":{"start":{"line":36,"column":31},"end":{"line":36,"column":88}},"10":{"start":{"line":38,"column":8},"end":{"line":38,"column":121}},"11":{"start":{"line":38,"column":28},"end":{"line":38,"column":121}},"12":{"start":{"line":40,"column":8},"end":{"line":43,"column":9}},"13":{"start":{"line":41,"column":12},"end":{"line":41,"column":88}},"14":{"start":{"line":42,"column":12},"end":{"line":42,"column":24}},"15":{"start":{"line":46,"column":8},"end":{"line":55,"column":9}},"16":{"start":{"line":47,"column":12},"end":{"line":54,"column":13}},"17":{"start":{"line":49,"column":16},"end":{"line":49,"column":61}},"18":{"start":{"line":51,"column":16},"end":{"line":51,"column":93}},"19":{"start":{"line":52,"column":16},"end":{"line":52,"column":109}},"20":{"start":{"line":53,"column":16},"end":{"line":53,"column":28}},"21":{"start":{"line":57,"column":26},"end":{"line":57,"column":66}},"22":{"start":{"line":58,"column":8},"end":{"line":62,"column":9}},"23":{"start":{"line":59,"column":12},"end":{"line":59,"column":97}},"24":{"start":{"line":61,"column":12},"end":{"line":61,"column":24}},"25":{"start":{"line":64,"column":23},"end":{"line":64,"column":47}},"26":{"start":{"line":65,"column":8},"end":{"line":65,"column":98}},"27":{"start":{"line":67,"column":8},"end":{"line":104,"column":9}},"28":{"start":{"line":68,"column":23},"end":{"line":68,"column":43}},"29":{"start":{"line":69,"column":41},"end":{"line":69,"column":107}},"30":{"start":{"line":72,"column":31},"end":{"line":91,"column":13}},"31":{"start":{"line":82,"column":61},"end":{"line":82,"column":80}},"32":{"start":{"line":83,"column":67},"end":{"line":83,"column":92}},"33":{"start":{"line":84,"column":61},"end":{"line":84,"column":115}},"34":{"start":{"line":86,"column":60},"end":{"line":86,"column":78}},"35":{"start":{"line":87,"column":62},"end":{"line":87,"column":82}},"36":{"start":{"line":94,"column":27},"end":{"line":94,"column":69}},"37":{"start":{"line":95,"column":12},"end":{"line":95,"column":111}},"38":{"start":{"line":96,"column":12},"end":{"line":96,"column":124}},"39":{"start":{"line":97,"column":12},"end":{"line":97,"column":29}},"40":{"start":{"line":100,"column":12},"end":{"line":100,"column":88}},"41":{"start":{"line":101,"column":12},"end":{"line":101,"column":88}},"42":{"start":{"line":102,"column":12},"end":{"line":102,"column":80}},"43":{"start":{"line":103,"column":12},"end":{"line":103,"column":24}},"44":{"start":{"line":116,"column":32},"end":{"line":116,"column":70}},"45":{"start":{"line":117,"column":30},"end":{"line":117,"column":96}},"46":{"start":{"line":118,"column":32},"end":{"line":118,"column":91}},"47":{"start":{"line":119,"column":31},"end":{"line":119,"column":88}},"48":{"start":{"line":121,"column":8},"end":{"line":124,"column":9}},"49":{"start":{"line":122,"column":12},"end":{"line":122,"column":94}},"50":{"start":{"line":122,"column":32},"end":{"line":122,"column":94}},"51":{"start":{"line":123,"column":12},"end":{"line":123,"column":24}},"52":{"start":{"line":126,"column":8},"end":{"line":129,"column":9}},"53":{"start":{"line":127,"column":12},"end":{"line":127,"column":80}},"54":{"start":{"line":128,"column":12},"end":{"line":128,"column":24}},"55":{"start":{"line":132,"column":8},"end":{"line":132,"column":88}},"56":{"start":{"line":134,"column":8},"end":{"line":138,"column":9}},"57":{"start":{"line":135,"column":12},"end":{"line":135,"column":88}},"58":{"start":{"line":136,"column":12},"end":{"line":136,"column":106}},"59":{"start":{"line":137,"column":12},"end":{"line":137,"column":24}},"60":{"start":{"line":141,"column":8},"end":{"line":144,"column":9}},"61":{"start":{"line":142,"column":12},"end":{"line":142,"column":114}},"62":{"start":{"line":142,"column":32},"end":{"line":142,"column":114}},"63":{"start":{"line":143,"column":12},"end":{"line":143,"column":83}},"64":{"start":{"line":147,"column":8},"end":{"line":157,"column":9}},"65":{"start":{"line":148,"column":12},"end":{"line":156,"column":13}},"66":{"start":{"line":150,"column":16},"end":{"line":150,"column":61}},"67":{"start":{"line":152,"column":16},"end":{"line":152,"column":93}},"68":{"start":{"line":153,"column":16},"end":{"line":153,"column":109}},"69":{"start":{"line":154,"column":16},"end":{"line":154,"column":120}},"70":{"start":{"line":155,"column":16},"end":{"line":155,"column":28}},"71":{"start":{"line":159,"column":26},"end":{"line":159,"column":66}},"72":{"start":{"line":160,"column":8},"end":{"line":164,"column":9}},"73":{"start":{"line":161,"column":12},"end":{"line":161,"column":97}},"74":{"start":{"line":162,"column":12},"end":{"line":162,"column":123}},"75":{"start":{"line":163,"column":12},"end":{"line":163,"column":24}},"76":{"start":{"line":166,"column":23},"end":{"line":166,"column":47}},"77":{"start":{"line":167,"column":8},"end":{"line":167,"column":72}},"78":{"start":{"line":168,"column":22},"end":{"line":168,"column":41}},"79":{"start":{"line":171,"column":8},"end":{"line":171,"column":48}},"80":{"start":{"line":173,"column":8},"end":{"line":238,"column":9}},"81":{"start":{"line":174,"column":23},"end":{"line":174,"column":43}},"82":{"start":{"line":175,"column":34},"end":{"line":175,"column":70}},"83":{"start":{"line":176,"column":12},"end":{"line":176,"column":73}},"84":{"start":{"line":178,"column":24},"end":{"line":179,"column":62}},"85":{"start":{"line":182,"column":31},"end":{"line":182,"column":35}},"86":{"start":{"line":183,"column":12},"end":{"line":192,"column":13}},"87":{"start":{"line":184,"column":16},"end":{"line":184,"column":42}},"88":{"start":{"line":185,"column":16},"end":{"line":185,"column":65}},"89":{"start":{"line":187,"column":46},"end":{"line":187,"column":97}},"90":{"start":{"line":188,"column":16},"end":{"line":188,"column":110}},"91":{"start":{"line":189,"column":16},"end":{"line":189,"column":78}},"92":{"start":{"line":191,"column":16},"end":{"line":191,"column":80}},"93":{"start":{"line":195,"column":12},"end":{"line":195,"column":39}},"94":{"start":{"line":198,"column":34},"end":{"line":198,"column":51}},"95":{"start":{"line":201,"column":12},"end":{"line":201,"column":44}},"96":{"start":{"line":203,"column":12},"end":{"line":210,"column":13}},"97":{"start":{"line":204,"column":16},"end":{"line":204,"column":79}},"98":{"start":{"line":205,"column":41},"end":{"line":207,"column":52}},"99":{"start":{"line":208,"column":16},"end":{"line":208,"column":97}},"100":{"start":{"line":209,"column":16},"end":{"line":209,"column":26}},"101":{"start":{"line":212,"column":12},"end":{"line":212,"column":95}},"102":{"start":{"line":215,"column":35},"end":{"line":215,"column":37}},"103":{"start":{"line":216,"column":12},"end":{"line":220,"column":15}},"104":{"start":{"line":217,"column":36},"end":{"line":217,"column":46}},"105":{"start":{"line":218,"column":16},"end":{"line":218,"column":40}},"106":{"start":{"line":219,"column":16},"end":{"line":219,"column":49}},"107":{"start":{"line":222,"column":12},"end":{"line":228,"column":15}},"108":{"start":{"line":230,"column":12},"end":{"line":230,"column":34}},"109":{"start":{"line":233,"column":12},"end":{"line":233,"column":89}},"110":{"start":{"line":234,"column":12},"end":{"line":234,"column":114}},"111":{"start":{"line":235,"column":12},"end":{"line":235,"column":88}},"112":{"start":{"line":236,"column":12},"end":{"line":236,"column":89}},"113":{"start":{"line":237,"column":12},"end":{"line":237,"column":24}},"114":{"start":{"line":247,"column":8},"end":{"line":247,"column":87}},"115":{"start":{"line":250,"column":32},"end":{"line":250,"column":70}},"116":{"start":{"line":251,"column":32},"end":{"line":251,"column":91}},"117":{"start":{"line":252,
[...]
},"end":{"line":156,"column":13}},{"start":{},"end":{}}],"line":150},"13":{"loc":{"start":{"line":153,"column":16},"end":{"line":155,"column":17}},"type":"if","locations":[{"start":{"line":153,"column":16},"end":{"line":155,"column":17}},{"start":{},"end":{}}],"line":153},"14":{"loc":{"start":{"line":165,"column":12},"end":{"line":169,"column":13}},"type":"if","locations":[{"start":{"line":165,"column":12},"end":{"line":169,"column":13}},{"start":{},"end":{}}],"line":165},"15":{"loc":{"start":{"line":177,"column":30},"end":{"line":177,"column":53}},"type":"binary-expr","locations":[{"start":{"line":177,"column":30},"end":{"line":177,"column":47}},{"start":{"line":177,"column":51},"end":{"line":177,"column":53}}],"line":177},"16":{"loc":{"start":{"line":182,"column":12},"end":{"line":186,"column":13}},"type":"if","locations":[{"start":{"line":182,"column":12},"end":{"line":186,"column":13}},{"start":{"line":184,"column":19},"end":{"line":186,"column":13}}],"line":182},"17":{"loc":{"start":{"line":182,"column":16},"end":{"line":182,"column":58}},"type":"binary-expr","locations":[{"start":{"line":182,"column":16},"end":{"line":182,"column":35}},{"start":{"line":182,"column":39},"end":{"line":182,"column":58}}],"line":182},"18":{"loc":{"start":{"line":222,"column":8},"end":{"line":269,"column":9}},"type":"if","locations":[{"start":{"line":222,"column":8},"end":{"line":269,"column":9}},{"start":{"line":248,"column":15},"end":{"line":269,"column":9}}],"line":222},"19":{"loc":{"start":{"line":230,"column":16},"end":{"line":246,"column":17}},"type":"if","locations":[{"start":{"line":230,"column":16},"end":{"line":246,"column":17}},{"start":{},"end":{}}],"line":230},"20":{"loc":{"start":{"line":235,"column":20},"end":{"line":245,"column":21}},"type":"if","locations":[{"start":{"line":235,"column":20},"end":{"line":245,"column":21}},{"start":{},"end":{}}],"line":235},"21":{"loc":{"start":{"line":253,"column":12},"end":{"line":268,"column":13}},"type":"if","locations":[{"start":{"line":253,"column":12},"end":{"line":268,"column":13}},{"start":{"line":266,"column":19},"end":{"line":268,"column":13}}],"line":253},"22":{"loc":{"start":{"line":265,"column":16},"end":{"line":265,"column":85}},"type":"if","locations":[{"start":{"line":265,"column":16},"end":{"line":265,"column":85}},{"start":{},"end":{}}],"line":265},"23":{"loc":{"start":{"line":292,"column":12},"end":{"line":300,"column":13}},"type":"if","locations":[{"start":{"line":292,"column":12},"end":{"line":300,"column":13}},{"start":{"line":298,"column":19},"end":{"line":300,"column":13}}],"line":292},"24":{"loc":{"start":{"line":292,"column":16},"end":{"line":292,"column":55}},"type":"binary-expr","locations":[{"start":{"line":292,"column":16},"end":{"line":292,"column":28}},{"start":{"line":292,"column":32},"end":{"line":292,"column":55}}],"line":292},"25":{"loc":{"start":{"line":296,"column":31},"end":{"line":296,"column":74}},"type":"binary-expr","locations":[{"start":{"line":296,"column":31},"end":{"line":296,"column":43}},{"start":{"line":296,"column":48},"end":{"line":296,"column":73}}],"line":296},"26":{"loc":{"start":{"line":316,"column":8},"end":{"line":319,"column":9}},"type":"if","locations":[{"start":{"line":316,"column":8},"end":{"line":319,"column":9}},{"start":{},"end":{}}],"line":316},"27":{"loc":{"start":{"line":354,"column":16},"end":{"line":358,"column":17}},"type":"if","locations":[{"start":{"line":354,"column":16},"end":{"line":358,"column":17}},{"start":{"line":356,"column":23},"end":{"line":358,"column":17}}],"line":354},"28":{"loc":{"start":{"line":372,"column":45},"end":{"line":372,"column":55}},"type":"default-arg","locations":[{"start":{"line":372,"column":53},"end":{"line":372,"column":55}}],"line":372},"29":{"loc":{"start":{"line":372,"column":57},"end":{"line":372,"column":74}},"type":"default-arg","locations":[{"start":{"line":372,"column":66},"end":{"line":372,"column":74}}],"line":372},"30":{"loc":{"start":{"line":374,"column":8},"end":{"line":377,"column":9}},"type":"if","locations":[{"start":{"line":374,"column":8},"end":{"line":377,"column":9}},{"start":{},"end":{}}],"line":374},"31":{"loc":{"start":{"line":385,"column":12},"end":{"line":388,"column":13}},"type":"if","locations":[{"start":{"line":385,"column":12},"end":{"line":388,"column":13}},{"start":{},"end":{}}],"line":385},"32":{"loc":{"start":{"line":385,"column":16},"end":{"line":385,"column":62}},"type":"binary-expr","locations":[{"start":{"line":385,"column":16},"end":{"line":385,"column":31}},{"start":{"line":385,"column":35},"end":{"line":385,"column":62}}],"line":385},"33":{"loc":{"start":{"line":414,"column":29},"end":{"line":416,"column":86}},"type":"cond-expr","locations":[{"start":{"line":415,"column":14},"end":{"line":415,"column":56}},{"start":{"line":416,"column":14},"end":{"line":416,"column":86}}],"line":414},"34":{"loc":{"start":{"line":427,"column":28},"end":{"line":427,"column":100}},"type":"binary-expr","locations":[{"start":{"line":427,"column":28},"end":{"line":427,"column":60}},{"start":{"line":427,"column":64},"end":{"line":427,"column":95}},{"start":{"line":427,"column":99},"end":{"line":427,"column":100}}],"line":427},"35":{"loc":{"start":{"line":428,"column":28},"end":{"line":428,"column":64}},"type":"binary-expr","locations":[{"start":{"line":428,"column":28},"end":{"line":428,"column":59}},{"start":{"line":428,"column":63},"end":{"line":428,"column":64}}],"line":428},"36":{"loc":{"start":{"line":429,"column":30},"end":{"line":429,"column":68}},"type":"binary-expr","locations":[{"start":{"line":429,"column":30},"end":{"line":429,"column":63}},{"start":{"line":429,"column":67},"end":{"line":429,"column":68}}],"line":429},"37":{"loc":{"start":{"line":430,"column":29},"end":{"line":430,"column":66}},"type":"binary-expr","locations":[{"start":{"line":430,"column":29},"end":{"line":430,"column":61}},{"start":{"line":430,"column":65},"end":{"line":430,"column":66}}],"line":430},"38":{"loc":{"start":{"line":437,"column":12},"end":{"line":439,"column":13}},"type":"if","locations":[{"start":{"line":437,"column":12},"end":{"line":439,"column":13}},{"start":{},"end":{}}],"line":437},"39":{"loc":{"start":{"line":455,"column":26},"end":{"line":456,"column":102}},"type":"cond-expr","locations":[{"start":{"line":455,"column":66},"end":{"line":455,"column":87}},{"start":{"line":456,"column":26},"end":{"line":456,"column":101}}],"line":455},"40":{"loc":{"start":{"line":456,"column":26},"end":{"line":456,"column":101}},"type":"cond-expr","locations":[{"start":{"line":456,"column":58},"end":{"line":456,"column":88}},{"start":{"line":456,"column":91},"end":{"line":456,"column":101}}],"line":456},"41":{"loc":{"start":{"line":460,"column":28},"end":{"line":460,"column":86}},"type":"cond-expr","locations":[{"start":{"line":460,"column":53},"end":{"line":460,"column":67}},{"start":{"line":460,"column":70},"end":{"line":460,"column":86}}],"line":460},"42":{"loc":{"start":{"line":461,"column":27},"end":{"line":461,"column":76}},"type":"cond-expr","locations":[{"start":{"line":461,"column":52},"end":{"line":461,"column":59}},{"start":{"line":461,"column":62},"end":{"line":461,"column":76}}],"line":461},"43":{"loc":{"start":{"line":464,"column":26},"end":{"line":466,"column":20}},"type":"cond-expr","locations":[{"start":{"line":465,"column":14},"end":{"line":465,"column":124}},{"start":{"line":466,"column":14},"end":{"line":466,"column":20}}],"line":464},"44":{"loc":{"start":{"line":474,"column":33},"end":{"line":474,"column":64}},"type":"binary-expr","locations":[{"start":{"line":474,"column":33},"end":{"line":474,"column":51}},{"start":{"line":474,"column":55},"end":{"line":474,"column":64}}],"line":474},"45":{"loc":{"start":{"line":510,"column":12},"end":{"line":514,"column":13}},"type":"if","locations":[{"start":{"line":510,"column":12},"end":{"line":514,"column":13}},{"start":{"line":512,"column":19},"end":{"line":514,"column":13}}],"line":510},"46":{"loc":{"start":{"line":532,"column":12},"end":{"line":534,"column":13}},"type":"if","locations":[{"start":{"line":532,"column":12},"end":{"line":534,"column":13}},{"start":{},"end":{}}],"line":532},"47":{"loc":{"start":{"line":556,"column":8},"end":{"line":559,"column":9}},"type":"if","locations":[{"start":{"line":556,"column":8},"end":{"line":559,"column":9}},{"start":{},"end":{}}],"line":556},"48":{"loc":{"start":{"line":561,"column":8},"end":{"line":564,"column":9}},"type":"if","locations":[{"start":{"line":561,"column":8},"end":{"line":564,"column":9}},{"start":{},"end":{}}],"line":561},"49":{"loc":{"start":{"line":571,"column":21},"end":{"line":571,"column":101}},"type":"cond-expr","locations":[{"start":{"line":571,"column":53},"end":{"line":571,"column":68}},{"start":{"line":571,"column":72},"end":{"line":571,"column":100}}],"line":571},"50":{"loc":{"start":{"line":572,"column":24},"end":{"line":572,"column":51}},"type":"binary-expr","locations":[{"start":{"line":572,"column":24},"end":{"line":572,"column":46}},{"start":{"line":572,"column":50},"end":{"line":572,"column":51}}],"line":572},"51":{"loc":{"start":{"line":573,"column":24},"end":{"line":573,"column":83}},"type":"binary-expr","locations":[{"start":{"line":573,"column":24},"end":{"line":573,"column":78}},{"start":{"line":573,"column":82},"end":{"line":573,"column":83}}],"line":573},"52":{"loc":{"start":{"line":574,"column":26},"end":{"line":574,"column":87}},"type":"binary-expr","locations":[{"start":{"line":574,"column":26},"end":{"line":574,"column":82}},{"start":{"line":574,"column":86},"end":{"line":574,"column":87}}],"line":574},"53":{"loc":{"start":{"line":575,"column":25},"end":{"line":575,"column":52}},"type":"binary-expr","locations":[{"start":{"line":575,"column":25},"end":{"line":575,"column":47}},{"start":{"line":575,"column":51},"end":{"line":575,"column":52}}],"line":575},"54":{"loc":{"start":{"line":588,"column":8},"end":{"line":595,"column":9}},"type":"if","locations":[{"start":{"line":588,"column":8},"end":{"line":595,"column":9}},{"start":{"line":593,"column":15},"end":{"line":595,"column":9}}],"line":588},"55":{"loc":{"start":{"line":588,"column":12},"end":{"line":588,"column":56}},"type":"binary-expr","locations":[{"start":{"line":588,"column":12},"end":{"line":588,"column":22}},{"start":{"line":588,"column":26},"end":{"line":588,"column":56}}],"line":588},"56":{"loc":{"start":{"line":604,"column":8},"end":{"line":609,"column":9}},"type":"if","locations":[{"start":{"line":604,"column":8},"end":{"line":609,"column":9}},{"start":{},"end":{}}],"line":604},"57":{"loc":{"start":{"line":604,"column":12},"end":{"line":607,"column":9}},"type":"binary-expr","locations":[{"start":{"line":604,"column":12},"end":{"line":604,"column":26}},{"start":{"line":605,"column":12},"end":{"line":605,"column":78}},{"start":{"line":606,"column":12},"end":{"line":606,"column":66}}],"line":604},"58":{"loc":{"start":{"line":621,"column":8},"end":{"line":649,"column":9}},"type":"if","locations":[{"start":{"line":621,"column":8},"end":{"line":649,"column":9}},{"start":{},"end":{}}],"line":621},"59":{"loc":{"start":{"line":628,"column":20},"end":{"line":642,"column":21}},"type":"if","locations":[{"start":{"line":628,"column":20},"end":{"line":642,"column":21}},{"start":{"line":634,"column":25},"end":{"line":642,"column":21}}],"line":628},"60":{"loc":{"start":{"line":628,"column":24},"end":{"line":628,"column":102}},"type":"binary-expr","locations":[{"start":{"line":628,"column":24},"end":{"line":628,"column":41}},{"start":{"line":628,"column":45},"end":{"line":628,"column":102}}],"line":628},"61":{"loc":{"start":{"line":634,"column":25},"end":{"line":642,"column":21}},"type":"if","locations":[{"start":{"line":634,"column":25},"end":{"line":642,"column":21}},{"start":{"line":639,"column":25},"end":{"line":642,"column":21}}],"line":634},"62":{"loc":{"start":{"line":634,"column":29},"end":{"line":634,"column":115}},"type":"binary-expr","locations":[{"start":{"line":634,"column":29},"end":{"line":634,"column":46}},{"start":{"line":634,"column":50},"end":{"line":634,"column":115}}],"line":634},"63":{"loc":{"start":{"line":670,"column":8},"end":{"line":673,"column":9}},"type":"if","locations":[{"start":{"line":670,"column":8},"end":{"line":673,"column":9}},{"start":{},"end":{}}],"line":670},"64":{"loc":{"start":{"line":682,"column":31},"end":{"line":682,"column":58}},"type":"binary-expr","locations":[{"start":{"line":682,"column":31},"end":{"line":682,"column":53}},{"start":{"line":682,"column":57},"end":{"line":682,"column":58}}],"line":682},"65":{"loc":{"start":{"line":691,"column":47},"end":{"line":691,"column":81}},"type":"cond-expr","locations":[{"start":{"line":691,"column":64},"end":{"line":691,"column":76}},{"start":{"line":691,"column":79},"end":{"line":691,"column":81}}],"line":691},"66":{"loc":{"start":{"line":693,"column":53},"end":{"line":693,"column":90}},"type":"cond-expr","locations":[{"start":{"line":693,"column":71},"end":{"line":693,"column":78}},{"start":{"line":693,"column":81},"end":{"line":693,"column":90}}],"line":693},"67":{"loc":{"start":{"line":693,"column":95},"end":{"line":693,"column":142}},"type":"cond-expr","locations":[{"start":{"line":693,"column":113},"end":{"line":693,"column":125}},{"start":{"line":693,"column":128},"end":{"line":693,"column":142}}],"line":693},"68":{"loc":{"start":{"line":702,"column":12},"end":{"line":704,"column":13}},"type":"if","locations":[{"start":{"line":702,"column":12},"end":{"line":704,"column":13}},{"start":{},"end":{}}],"line":702},"69":{"loc":{"start":{"line":727,"column":8},"end":{"line":729,"column":9}},"type":"if","locations":[{"start":{"line":727,"column":8},"end":{"line":729,"column":9}},{"start":{},"end":{}}],"line":727},"70":{"loc":{"start":{"line":727,"column":12},"end":{"line":727,"column":37}},"type":"binary-expr","locations":[{"start":{"line":727,"column":12},"end":{"line":727,"column":19}},{"start":{"line":727,"column":23},"end":{"line":727,"column":37}}],"line":727},"71":{"loc":{"start":{"line":734,"column":29},"end":{"line":734,"column":56}},"type":"binary-expr","locations":[{"start":{"line":734,"column":29},"end":{"line":734,"column":43}},{"start":{"line":734,"column":47},"end":{"line":734,"column":56}}],"line":734},"72":{"loc":{"start":{"line":735,"column":12},"end":{"line":737,"column":13}},"type":"if","locations":[{"start":{"line":735,"column":12},"end":{"line":737,"column":13}},{"start":{},"end":{}}],"line":735},"73":{"loc":{"start":{"line":749,"column":30},"end":{"line":749,"column":161}},"type":"cond-expr","locations":[{"start":{"line":749,"column":55},"end":{"line":749,"column":156}},{"start":{"line":749,"column":159},"end":{"line":749,"column":161}}],"line":749},"74":{"loc":{"start":{"line":752,"column":44},"end":{"line":752,"column":84}},"type":"binary-expr","locations":[{"start":{"line":752,"column":44},"end":{"line":752,"column":57}},{"start":{"line":752,"column":61},"end":{"line":752,"column":78}},{"start":{"line":752,"column":82},"end":{"line":752,"column":84}}],"line":752},"75":{"loc":{"start":{"line":754,"column":53},"end":{"line":754,"column":74}},"type":"binary-expr","locations":[{"start":{"line":754,"column":53},"end":{"line":754,"column":63}},{"start":{"line":754,"column":67},"end":{"line":754,"column":74}}],"line":754},"76":{"loc":{"start":{"line":756,"column":47},"end":{"line":756,"column":71}},"type":"binary-expr","locations":[{"start":{"line":756,"column":47},"end":{"line":756,"column":58}},{"start":{"line":756,"column":62},"end":{"line":756,"column":71}}],"line":756},"77":{"loc":{"start":{"line":758,"column":63},"end":{"line":758,"column":84}},"type":"binary-expr","locations":[{"start":{"line":758,"column":63},"end":{"line":758,"column":73}},{"start":{"line":758,"column":77},"end":{"line":758,"column":84}}],"line":758},"78":{"loc":{"start":{"line":759,"column":62},"end":{"line":759,"column":94}},"type":"binary-expr","locations":[{"start":{"line":759,"column":62},"end":{"line":759,"column":75}},{"start":{"line":759,"column":79},"end":{"line":759,"column":94}}],"line":759},"79":{"loc":{"start":{"line":760,"column":34},"end":{"line":760,"column":140}},"type":"cond-expr","locations":[{"start":{"line":760,"column":77},"end":{"line":760,"column":135}},{"start":{"line":760,"column":138},"end":{"line":760,"column":140}}],"line":760},"80":{"loc":{"start":{"line":760,"column":34},"end":{"line":760,"column":74}},"type":"binary-expr","locations":[{"start":{"line":760,"column":34},"end":{"line":760,"column":45}},{"start":{"line":760,"column":49},"end":{"line":760,"column":74}}],"line":760}},"s":{"0":0,"1":0,"2":0,"3":0,"4":0,"5":0,"6":0,"7":0,"8":0,"9":0,"10":0,"11":0,"12":0,"13":0,"14":0,"15":0,"16":0,"17":0,"18":0,"19":0,"20":0,"21":0,"22":0,"23":0,"24":0,"25":0,"26":0,"27":0,"28":0,"29":0,"30":0,"31":0,"32":0,"33":0,"34":0,"35":0,"36":0,"37":0,"38":0,"39":0,"40":0,"41":0,"42":0,"43":0,"44":0,"45":0,"46":0,"47":0,"48":0,"49":0,"50":0,"51":0,"52":0,"53":0,"54":0,"55":0,"56":0,"57":0,"58":0,"59":0,"60":0,"61":0,"62":0,"63":0,"64":0,"65":0,"66":0,"67":0,"68":0,"69":0,"70":0,"71":0,"72":0,"73":0,"74":0,"75":0,"76":0,"77":0,"78":0,"79":0,"80":0,"81":0,"82":0,"83":0,"84":0,"85":0,"86":0,"87":0,"88":0,"89":0,"90":0,"91":0,"92":0,"93":0,"94":0,"95":0,"96":0,"97":0,"98":0,"99":0,"100":0,"101":0,"102":0,"103":0,"104":0,"105":0,"106":0,"107":0,"108":0,"109":0,"110":0,"111":0,"112":0,"113":0,"114":0,"115":0,"116":0,"117":0,"118":0,"119":0,"120":0,"121":0,"122":0,"123":0,"124":0,"125":0,"126":0,"127":0,"128":0,"129":0,"130":0,"131":0,"132":0,"133":0,"134":0,"135":0,"136":0,"137":0,"138":0,"139":0,"140":0,"141":0,"142":0,"143":0,"144":0,"145":0,"146":0,"147":0,"148":0,"149":0,"150":0,"151":0,"152":0,"153":0,"154":0,"155":0,"156":0,"157":0,"158":0,"159":0,"160":0,"161":0,"162":0,"163":0,"164":0,"165":0,"166":0,"167":0,"168":0,"169":0,"170":0,"171":0,"172":0,"173":0,"174":0,"175":0,"176":0,"177":0,"178":0,"179":0,"180":0,"181":0,"182":0,"183":0,"184":0,"185":0,"186":0,"187":0,"188":0,"189":0,"190":0,"191":0,"192":0,"193":0,"194":0,"195":0,"196":0,"197":0,"198":0,"199":0,"200":0,"201":0,"202":0,"203":0,"204":0,"205":0,"206":0,"207":0,"208":0,"209":0,"210":0,"211":0,"212":0,"213":0,"214":0,"215":0,"216":0,"217":0,"218":0,"219":0,"220":0,"221":0,"222":0,"223":0,"224":0,"225":0,"226":0,"227":0,"228":0,"229":0,"230":0,"231":0,"232":0,"233":0,"234":0,"235":0,"236":0,"237":0,"238":0,"239":0,"240":0,"241":0,"242":0,"243":0,"244":0,"245":0,"246":0,"247":0,"248":0,"249":0,"250":0,"251":0,"252":0,"253":0,"254":0,"255":0,"256":0,"257":0,"258":0,"259":0,"260":0,"261":0,"262":0,"263":0,"264":0,"265":0,"266":0,"267":0,"268":0,"269":0,"270":0,"271":0,"272":0,"273":0,"274":0,"275":0,"276":0,"277":0,"278":0,"279":0,"280":0,"281":0,"282":0,"283":0,"284":0,"285":0,"286":0,"287":0,"288":0,"289":0,"290":0,"291":0,"292":0,"293":0,"294":0,"295":0,"296":0,"297":0,"298":0},"f":{"0":0,"1":0,"2":0,"3":0,"4":0,"5":0,"6":0,"7":0,"8":0,"9":0,"10":0,"11":0,"12":0,"13":0,"14":0,"15":0,"16":0,"17":0,"18":0,"19":0,"20":0,"21":0,"22":0,"23":0,"24":0,"25":0,"26":0,"27":0,"28":0,"29":0,"30":0,"31":0,"32":0,"33":0,"34":0,"35":0,"36":0,"37":0,"38":0,"39":0},"b":{"0":[0,0],"1":[0,0],"2":[0,0],"3":[0,0],"4":[0,0],"5":[0,0],"6":[0,0],"7":[0,0],"8":[0,0],"9":[0,0],"10":[0,0],"11":[0,0,0,0,0,0],"12":[0,0],"13":[0,0],"14":[0,0],"15":[0,0],"16":[0,0],"17":[0,0],"18":[0,0],"19":[0,0],"20":[0,0],"21":[0,0],"22":[0,0],"23":[0,0],"24":[0,0],"25":[0,0],"26":[0,0],"27":[0,0],"28":[0],"29":[0],"30":[0,0],"31":[0,0],"32":[0,0],"33":[0,0],"34":[0,0,0],"35":[0,0],"36":[0,0],"37":[0,0],"38":[0,0],"39":[0,0],"40":[0,0],"41":[0,0],"42":[0,0],"43":[0,0],"44":[0,0],"45":[0,0],"46":[0,0],"47":[0,0],"48":[0,0],"49":[0,0],"50":[0,0],"51":[0,0],"52":[0,0],"53":[0,0],"54":[0,0],"55":[0,0],"56":[0,0],"57":[0,0,0],"58":[0,0],"59":[0,0],"60":[0,0],"61":[0,0],"62":[0,0],"63":[0,0],"64":[0,0],"65":[0,0],"66":[0,0],"67":[0,0],"68":[0,0],"69":[0,0],"70":[0,0],"71":[0,0],"72":[0,0],"73":[0,0],"74":[0,0,0],"75":[0,0],"76":[0,0],"77":[0,0],"78":[0,0],"79":[0,0],"80":[0,0]}}
}
